<?xml version="1.0" encoding="UTF-8"?>
<testsuite xmlns:xsi="http://www.w3.org/2001/XMLSchema-instance" xsi:noNamespaceSchemaLocation="https://maven.apache.org/surefire/maven-failsafe-plugin/xsd/failsafe-test-report-3.0.xsd" version="3.0" name="starter.CucumberTestSuite" time="113.957" tests="4" errors="0" skipped="0" failures="0">
  <properties>
[...]
</properties>
  <testcase name="As user, I have be able to success login" classname="Login" time="27.808">
    <system-out><![CDATA[19:06:12.000 [main] INFO io.cucumber.core.plugin.SerenityReporter - Running feature from file:///C:/Users/ASUS/IdeaProjects/WebUITesting/src/test/resources/features/Login.feature
19:06:12.322 [main] INFO  - 

-------------------------------------------------------------------------------------
     _______. _______ .______       _______ .__   __.  __  .___________.____    ____ 
    /       ||   ____||   _  \     |   ____||  \ |  | |  | |           |\   \  /   / 
   |   (----`|  |__   |  |_)  |    |  |__   |   \|  | |  | `---|  |----` \   \/   /  
    \   \    |   __|  |      /     |   __|  |  . `  | |  |     |  |       \_    _/   
.----)   |   |  |____ |  |\  \----.|  |____ |  |\   | |  |     |  |         |  |     
|_______/    |_______|| _| `._____||_______||__| \__| |__|     |__|         |__|    
                                                                                     
 News and tutorials at http://www.serenity-bdd.info                                  
 Documentation at https://wakaleo.gitbooks.io/the-serenity-book/content/             
 Join the Serenity Community on Gitter: https://gitter.im/serenity-bdd/serenity-core 
 Serenity BDD Support and Training at http://serenity-bdd.info/#/trainingandsupport  
-------------------------------------------------------------------------------------

19:06:12.326 [main] DEBUG net.thucydides.core.steps.StepEventBus - Test suite started for story net.thucydides.core.model.Story@23282f08
19:06:12.331 [main] INFO  - Test Suite Started: Login
19:06:12.430 [main] INFO io.cucumber.core.plugin.SerenityReporter - Running feature from file:///C:/Users/ASUS/IdeaProjects/WebUITesting/src/test/resources/features/Login.feature
19:06:12.434 [main] DEBUG net.thucydides.core.steps.StepEventBus - Test suite started for story net.thucydides.core.model.Story@23282f08
19:06:12.435 [main] INFO  - Test Suite Started: Login

Scenario: As user, I have be able to success login &amp#27;[90m# src/test/resources/features/Login.feature:6&amp#27;[0m
19:06:12.922 [main] INFO io.cucumber.core.plugin.SerenityReporter - Running feature from file:///C:/Users/ASUS/IdeaProjects/WebUITesting/src/test/resources/features/Login.feature
19:06:13.183 [main] INFO  - 
  _____   ___   ___   _____     ___   _____     _     ___   _____   ___   ___  
 |_   _| | __| / __| |_   _|   / __| |_   _|   /_\   | _ \ |_   _| | __| |   \ 
   | |   | _|  \__ \   | |     \__ \   | |    / _ \  |   /   | |   | _|  | |) |
   |_|   |___| |___/   |_|     |___/   |_|   /_/ \_\ |_|_\   |_|   |___| |___/ 

As user, I have be able to success login(login;as-user--i-have-be-able-to-success-login)
--------------------------------------------------------------------------------
19:06:14.490 [main] DEBUG net.thucydides.core.steps.StepInterceptor - STARTING STEP: LoginSteps.onTheLoginPage - openPage
19:06:14.591 [main] INFO net.serenitybdd.core.webdriver.driverproviders.ChromeDriverProvider - Using automatically driver download
19:06:15.957 [main] DEBUG io.github.bonigarcia.wdm.cache.ResolutionCache - Resolution chrome=100 in cache (valid until 20:01:07 30/03/2022 ICT)
19:06:15.967 [main] DEBUG io.github.bonigarcia.wdm.cache.ResolutionCache - Resolution chrome100=100.0.4896.60 in cache (valid until 19:01:07 31/03/2022 ICT)
19:06:15.983 [main] INFO io.github.bonigarcia.wdm.WebDriverManager - Using chromedriver 100.0.4896.60 (resolved driver for Chrome 100)
19:06:16.012 [main] DEBUG io.github.bonigarcia.wdm.WebDriverManager - Driver chromedriver 100.0.4896.60 found in cache
19:06:16.013 [main] INFO io.github.bonigarcia.wdm.WebDriverManager - Exporting webdriver.chrome.driver as C:\Users\ASUS\.cache\selenium\chromedriver\win32\100.0.4896.60\chromedriver.exe
19:06:16.225 [main] DEBUG net.thucydides.core.reflection.ClassFinder - Could not load class .starter.CucumberTestSuite
19:06:16.225 [main] DEBUG net.thucydides.core.reflection.ClassFinder - Could not load class .starter.pages.HomePage
19:06:16.226 [main] DEBUG net.thucydides.core.reflection.ClassFinder - Could not load class .starter.pages.LoginPage
19:06:16.226 [main] DEBUG net.thucydides.core.reflection.ClassFinder - Could not load class .starter.stepdefinitions.LoginSteps
19:06:16.380 [main] DEBUG net.serenitybdd.core.webdriver.driverproviders.ProvideNewDriver - Instantiating driver
19:06:16.380 [main] DEBUG net.serenitybdd.core.webdriver.driverproviders.ProvideNewDriver - Driver capabilities: Capabilities {acceptInsecureCerts: false, base.url: https://demoqa.com, browserName: chrome, chrome.driver: src/test/resources/webdrive..., driver: chrome, goog:chromeOptions: {args: [], extensions: []}}
19:06:16.638 [main] DEBUG io.netty.util.internal.logging.InternalLoggerFactory - Using SLF4J as the default logging framework
19:06:16.646 [main] DEBUG io.netty.util.ResourceLeakDetector - -Dio.netty.leakDetection.level: simple
19:06:16.646 [main] DEBUG io.netty.util.ResourceLeakDetector - -Dio.netty.leakDetection.targetRecords: 4
19:06:16.654 [main] DEBUG io.netty.util.ResourceLeakDetectorFactory - Loaded default ResourceLeakDetector: io.netty.util.ResourceLeakDetector@49cd946c
19:06:16.692 [main] DEBUG io.netty.util.internal.PlatformDependent0 - -Dio.netty.noUnsafe: false
19:06:16.693 [main] DEBUG io.netty.util.internal.PlatformDependent0 - Java version: 8
19:06:16.695 [main] DEBUG io.netty.util.internal.PlatformDependent0 - sun.misc.Unsafe.theUnsafe: available
19:06:16.695 [main] DEBUG io.netty.util.internal.PlatformDependent0 - sun.misc.Unsafe.copyMemory: available
19:06:16.696 [main] DEBUG io.netty.util.internal.PlatformDependent0 - java.nio.Buffer.address: available
19:06:16.697 [main] DEBUG io.netty.util.internal.PlatformDependent0 - direct buffer constructor: available
19:06:16.699 [main] DEBUG io.netty.util.internal.PlatformDependent0 - java.nio.Bits.unaligned: available, true
19:06:16.699 [main] DEBUG io.netty.util.internal.PlatformDependent0 - jdk.internal.misc.Unsafe.allocateUninitializedArray(int): unavailable prior to Java9
19:06:16.699 [main] DEBUG io.netty.util.internal.PlatformDependent0 - java.nio.DirectByteBuffer.<init>(long, int): available
19:06:16.700 [main] DEBUG io.netty.util.internal.PlatformDependent - sun.misc.Unsafe: available
19:06:16.701 [main] DEBUG io.netty.util.internal.PlatformDependent - -Dio.netty.tmpdir: C:\Users\ASUS\AppData\Local\Temp (java.io.tmpdir)
19:06:16.701 [main] DEBUG io.netty.util.internal.PlatformDependent - -Dio.netty.bitMode: 64 (sun.arch.data.model)
19:06:16.701 [main] DEBUG io.netty.util.internal.PlatformDependent - Platform: Windows
19:06:16.702 [main] DEBUG io.netty.util.internal.PlatformDependent - -Dio.netty.maxDirectMemory: 1883242496 bytes
19:06:16.703 [main] DEBUG io.netty.util.internal.PlatformDependent - -Dio.netty.uninitializedArrayAllocationThreshold: -1
19:06:16.704 [main] DEBUG io.netty.util.internal.CleanerJava6 - java.nio.ByteBuffer.cleaner(): available
19:06:16.705 [main] DEBUG io.netty.util.internal.PlatformDependent - -Dio.netty.noPreferDirect: false
19:06:16.722 [main] DEBUG io.netty.util.internal.PlatformDependent - org.jctools-core.MpscChunkedArrayQueue: available
19:06:16.766 [main] DEBUG io.netty.util.internal.InternalThreadLocalMap - -Dio.netty.threadLocalMap.stringBuilder.initialSize: 1024
19:06:16.766 [main] DEBUG io.netty.util.internal.InternalThreadLocalMap - -Dio.netty.threadLocalMap.stringBuilder.maxSize: 4096
19:06:17.601 [main] DEBUG io.netty.handler.ssl.JdkSslContext - Default protocols (JDK): [TLSv1.2, TLSv1.1, TLSv1] 
19:06:17.601 [main] DEBUG io.netty.handler.ssl.JdkSslContext - Default cipher suites (JDK): [TLS_ECDHE_ECDSA_WITH_AES_128_GCM_SHA256, TLS_ECDHE_RSA_WITH_AES_128_GCM_SHA256, TLS_ECDHE_RSA_WITH_AES_128_CBC_SHA, TLS_RSA_WITH_AES_128_GCM_SHA256, TLS_RSA_WITH_AES_128_CBC_SHA]
19:06:17.657 [main] DEBUG io.netty.channel.MultithreadEventLoopGroup - -Dio.netty.eventLoopThreads: 16
19:06:17.683 [main] DEBUG io.netty.channel.nio.NioEventLoop - -Dio.netty.noKeySetOptimization: false
19:06:17.683 [main] DEBUG io.netty.channel.nio.NioEventLoop - -Dio.netty.selectorAutoRebuildThreshold: 512
19:06:17.803 [main] DEBUG io.netty.buffer.PooledByteBufAllocator - -Dio.netty.allocator.numHeapArenas: 16
19:06:17.803 [main] DEBUG io.netty.buffer.PooledByteBufAllocator - -Dio.netty.allocator.numDirectArenas: 16
19:06:17.803 [main] DEBUG io.netty.buffer.PooledByteBufAllocator - -Dio.netty.allocator.pageSize: 8192
19:06:17.803 [main] DEBUG io.netty.buffer.PooledByteBufAllocator - -Dio.netty.allocator.maxOrder: 11
19:06:17.804 [main] DEBUG io.netty.buffer.PooledByteBufAllocator - -Dio.netty.allocator.chunkSize: 16777216
19:06:17.804 [main] DEBUG io.netty.buffer.PooledByteBufAllocator - -Dio.netty.allocator.smallCacheSize: 256
19:06:17.805 [main] DEBUG io.netty.buffer.PooledByteBufAllocator - -Dio.netty.allocator.normalCacheSize: 64
19:06:17.805 [main] DEBUG io.netty.buffer.PooledByteBufAllocator - -Dio.netty.allocator.maxCachedBufferCapacity: 32768
19:06:17.805 [main] DEBUG io.netty.buffer.PooledByteBufAllocator - -Dio.netty.allocator.cacheTrimInterval: 8192
19:06:17.805 [main] DEBUG io.netty.buffer.PooledByteBufAllocator - -Dio.netty.allocator.cacheTrimIntervalMillis: 0
19:06:17.806 [main] DEBUG io.netty.buffer.PooledByteBufAllocator - -Dio.netty.allocator.useCacheForAllThreads: true
19:06:17.806 [main] DEBUG io.netty.buffer.PooledByteBufAllocator - -Dio.netty.allocator.maxCachedByteBuffersPerChunk: 1023
19:06:17.846 [main] DEBUG io.netty.buffer.ByteBufUtil - -Dio.netty.allocator.type: pooled
19:06:17.847 [main] DEBUG io.netty.buffer.ByteBufUtil - -Dio.netty.threadLocalDirectBufferSize: 0
19:06:17.847 [main] DEBUG io.netty.buffer.ByteBufUtil - -Dio.netty.maxThreadLocalCharBufferSize: 16384
19:06:19.001 [Forwarding newSession on session null to remote] DEBUG io.netty.channel.DefaultChannelId - -Dio.netty.processId: 14160 (auto-detected)
19:06:19.003 [Forwarding newSession on session null to remote] DEBUG io.netty.util.NetUtil - -Djava.net.preferIPv4Stack: false
19:06:19.004 [Forwarding newSession on session null to remote] DEBUG io.netty.util.NetUtil - -Djava.net.preferIPv6Addresses: false
19:06:19.543 [Forwarding newSession on session null to remote] DEBUG io.netty.util.NetUtilInitializations - Loopback interface: lo (Software Loopback Interface 1, 127.0.0.1)
19:06:19.545 [Forwarding newSession on session null to remote] DEBUG io.netty.util.NetUtil - Failed to get SOMAXCONN from sysctl and file \proc\sys\net\core\somaxconn. Default: 200
19:06:20.286 [Forwarding newSession on session null to remote] DEBUG io.netty.channel.DefaultChannelId - -Dio.netty.machineId: 80:c5:f2:ff:fe:d4:87:e8 (auto-detected)
19:06:20.438 [AsyncHttpClient-1-2] DEBUG io.netty.buffer.AbstractByteBuf - -Dio.netty.buffer.checkAccessible: true
19:06:20.438 [AsyncHttpClient-1-2] DEBUG io.netty.buffer.AbstractByteBuf - -Dio.netty.buffer.checkBounds: true
19:06:20.438 [AsyncHttpClient-1-2] DEBUG io.netty.util.ResourceLeakDetectorFactory - Loaded default ResourceLeakDetector: io.netty.util.ResourceLeakDetector@647d0e6a
19:06:20.488 [AsyncHttpClient-1-2] DEBUG org.asynchttpclient.netty.channel.NettyConnectListener - Using new Channel '[id: 0xb359261f, L:/127.0.0.1:63700 - R:localhost/127.0.0.1:54494]' for 'POST' to '/session'
19:06:20.530 [AsyncHttpClient-1-2] DEBUG io.netty.util.Recycler - -Dio.netty.recycler.maxCapacityPerThread: 4096
19:06:20.531 [AsyncHttpClient-1-2] DEBUG io.netty.util.Recycler - -Dio.netty.recycler.ratio: 8
19:06:20.531 [AsyncHttpClient-1-2] DEBUG io.netty.util.Recycler - -Dio.netty.recycler.chunkSize: 32
19:06:20.531 [AsyncHttpClient-1-2] DEBUG io.netty.util.Recycler - -Dio.netty.recycler.blocking: false
19:06:22.966 [AsyncHttpClient-1-2] DEBUG io.netty.handler.codec.compression.Brotli - brotli4j not in the classpath; Brotli support will be unavailable.
19:06:22.966 [AsyncHttpClient-1-2] DEBUG org.asynchttpclient.netty.handler.HttpHandler - 

Request DefaultHttpRequest(decodeResult: success, version: HTTP/1.1)
POST /session HTTP/1.1
User-Agent: selenium/4.1.2 (java windows)
Content-Length: 599
Content-Type: application/json; charset=utf-8
host: localhost:54494
accept: */*

Response DefaultHttpResponse(decodeResult: success, version: HTTP/1.1)
HTTP/1.1 200 OK
Content-Type: application/json; charset=utf-8
cache-control: no-cache
content-length: 787

19:06:22.992 [AsyncHttpClient-1-2] DEBUG org.asynchttpclient.netty.channel.ChannelManager - Adding key: http://localhost:54494 for channel [id: 0xb359261f, L:/127.0.0.1:63700 - R:localhost/127.0.0.1:54494]
19:06:23.032 [AsyncHttpClient-1-1] DEBUG org.asynchttpclient.netty.channel.DefaultChannelPool - Entry count for : http://localhost:54494 : 1
19:06:23.196 [AsyncHttpClient-1-3] DEBUG org.asynchttpclient.netty.channel.NettyConnectListener - Using new Channel '[id: 0x02ea95ec, L:/127.0.0.1:63709 - R:localhost/127.0.0.1:63701]' for 'GET' to '/json/version'
19:06:23.199 [AsyncHttpClient-1-3] DEBUG org.asynchttpclient.netty.handler.HttpHandler - 

Request DefaultFullHttpRequest(decodeResult: success, version: HTTP/1.1, content: EmptyByteBufBE)
GET /json/version HTTP/1.1
User-Agent: selenium/4.1.2 (java windows)
host: localhost:63701
accept: */*

Response DefaultHttpResponse(decodeResult: success, version: HTTP/1.1)
HTTP/1.1 200 OK
Content-Type: application/json; charset=UTF-8
content-length: 426

19:06:23.199 [AsyncHttpClient-1-3] DEBUG org.asynchttpclient.netty.channel.ChannelManager - Adding key: http://localhost:63701 for channel [id: 0x02ea95ec, L:/127.0.0.1:63709 - R:localhost/127.0.0.1:63701]
19:06:23.217 [main] DEBUG io.netty.util.internal.ThreadLocalRandom - -Dio.netty.initialSeedUniquifier: 0xbf0e7c460f7777db
19:06:23.226 [AsyncHttpClient-1-4] DEBUG org.asynchttpclient.netty.channel.NettyConnectListener - Using new Channel '[id: 0xed7e5581, L:/127.0.0.1:63711 - R:localhost/127.0.0.1:63701]' for 'GET' to '/devtools/browser/bc7d9c24-3925-4af9-825a-f56e9025a23a'
19:06:23.230 [AsyncHttpClient-1-4] DEBUG org.asynchttpclient.netty.handler.WebSocketHandler - 

Request DefaultFullHttpRequest(decodeResult: success, version: HTTP/1.1, content: EmptyByteBufBE)
GET /devtools/browser/bc7d9c24-3925-4af9-825a-f56e9025a23a HTTP/1.1
upgrade: websocket
connection: upgrade
sec-websocket-key: 1zq4+eGQE/7otTEIomdVAA==
sec-websocket-version: 13
origin: http://localhost:63701
host: localhost:63701
accept: */*
user-agent: AHC/2.1

Response DefaultHttpResponse(decodeResult: success, version: HTTP/1.1)
HTTP/1.1 101 WebSocket Protocol Handshake
Upgrade: WebSocket
Connection: Upgrade
Sec-WebSocket-Accept: zhJF6lfsTZ8BUv9bPgmH07ceitE=

19:06:23.334 [Forwarding maximizeCurrentWindow on session 4bf10aa214509a87fb0e5d73d5b89bbb to remote] DEBUG org.asynchttpclient.netty.request.NettyRequestSender - Using pooled Channel '[id: 0xb359261f, L:/127.0.0.1:63700 - R:localhost/127.0.0.1:54494]' for 'POST' to 'http://localhost:54494/session/4bf10aa214509a87fb0e5d73d5b89bbb/window/maximize'
19:06:23.335 [Forwarding maximizeCurrentWindow on session 4bf10aa214509a87fb0e5d73d5b89bbb to remote] DEBUG org.asynchttpclient.netty.request.NettyRequestSender - Using open Channel [id: 0xb359261f, L:/127.0.0.1:63700 - R:localhost/127.0.0.1:54494] for POST '/session/4bf10aa214509a87fb0e5d73d5b89bbb/window/maximize'
19:06:23.481 [AsyncHttpClient-1-2] DEBUG org.asynchttpclient.netty.handler.HttpHandler - 

Request DefaultHttpRequest(decodeResult: success, version: HTTP/1.1)
POST /session/4bf10aa214509a87fb0e5d73d5b89bbb/window/maximize HTTP/1.1
User-Agent: selenium/4.1.2 (java windows)
Content-Length: 3
Content-Type: application/json; charset=utf-8
host: localhost:54494
accept: */*

Response DefaultHttpResponse(decodeResult: success, version: HTTP/1.1)
HTTP/1.1 200 OK
Content-Type: application/json; charset=utf-8
cache-control: no-cache
content-length: 51

19:06:23.483 [AsyncHttpClient-1-2] DEBUG org.asynchttpclient.netty.channel.ChannelManager - Adding key: http://localhost:54494 for channel [id: 0xb359261f, L:/127.0.0.1:63700 - R:localhost/127.0.0.1:54494]
19:06:23.788 [main] DEBUG net.thucydides.core.reflection.ClassFinder - Could not load class .starter.CucumberTestSuite
19:06:23.788 [main] DEBUG net.thucydides.core.reflection.ClassFinder - Could not load class .starter.pages.HomePage
19:06:23.788 [main] DEBUG net.thucydides.core.reflection.ClassFinder - Could not load class .starter.pages.LoginPage
19:06:23.788 [main] DEBUG net.thucydides.core.reflection.ClassFinder - Could not load class .starter.stepdefinitions.LoginSteps
19:06:23.793 [Forwarding get on session 4bf10aa214509a87fb0e5d73d5b89bbb to remote] DEBUG org.asynchttpclient.netty.request.NettyRequestSender - Using pooled Channel '[id: 0xb359261f, L:/127.0.0.1:63700 - R:localhost/127.0.0.1:54494]' for 'POST' to 'http://localhost:54494/session/4bf10aa214509a87fb0e5d73d5b89bbb/url'
19:06:23.793 [Forwarding get on session 4bf10aa214509a87fb0e5d73d5b89bbb to remote] DEBUG org.asynchttpclient.netty.request.NettyRequestSender - Using open Channel [id: 0xb359261f, L:/127.0.0.1:63700 - R:localhost/127.0.0.1:54494] for POST '/session/4bf10aa214509a87fb0e5d73d5b89bbb/url'
19:06:24.132 [AsyncHttpClient-1-1] DEBUG org.asynchttpclient.netty.channel.DefaultChannelPool - Entry count for : http://localhost:63701 : 1
19:06:25.236 [AsyncHttpClient-1-1] DEBUG org.asynchttpclient.netty.channel.DefaultChannelPool - Entry count for : http://localhost:63701 : 1
19:06:26.331 [AsyncHttpClient-1-1] DEBUG org.asynchttpclient.netty.channel.DefaultChannelPool - Entry count for : http://localhost:63701 : 1
19:06:27.432 [AsyncHttpClient-1-1] DEBUG org.asynchttpclient.netty.channel.DefaultChannelPool - Entry count for : http://localhost:63701 : 1
19:06:28.540 [AsyncHttpClient-1-1] DEBUG org.asynchttpclient.netty.channel.DefaultChannelPool - Entry count for : http://localhost:63701 : 1
19:06:29.640 [AsyncHttpClient-1-1] DEBUG org.asynchttpclient.netty.channel.DefaultChannelPool - Entry count for : http://localhost:63701 : 1
19:06:30.736 [AsyncHttpClient-1-1] DEBUG org.asynchttpclient.netty.channel.DefaultChannelPool - Entry count for : http://localhost:63701 : 1
19:06:31.568 [AsyncHttpClient-1-2] DEBUG org.asynchttpclient.netty.handler.HttpHandler - 

Request DefaultHttpRequest(decodeResult: success, version: HTTP/1.1)
POST /session/4bf10aa214509a87fb0e5d73d5b89bbb/url HTTP/1.1
User-Agent: selenium/4.1.2 (java windows)
Content-Length: 54
Content-Type: application/json; charset=utf-8
host: localhost:54494
accept: */*

Response DefaultHttpResponse(decodeResult: success, version: HTTP/1.1)
HTTP/1.1 200 OK
Content-Type: application/json; charset=utf-8
cache-control: no-cache
content-length: 14

19:06:31.569 [AsyncHttpClient-1-2] DEBUG org.asynchttpclient.netty.channel.ChannelManager - Adding key: http://localhost:54494 for channel [id: 0xb359261f, L:/127.0.0.1:63700 - R:localhost/127.0.0.1:54494]
19:06:31.586 [Forwarding setTimeout on session 4bf10aa214509a87fb0e5d73d5b89bbb to remote] DEBUG org.asynchttpclient.netty.request.NettyRequestSender - Using pooled Channel '[id: 0xb359261f, L:/127.0.0.1:63700 - R:localhost/127.0.0.1:54494]' for 'POST' to 'http://localhost:54494/session/4bf10aa214509a87fb0e5d73d5b89bbb/timeouts'
19:06:31.586 [Forwarding setTimeout on session 4bf10aa214509a87fb0e5d73d5b89bbb to remote] DEBUG org.asynchttpclient.netty.request.NettyRequestSender - Using open Channel [id: 0xb359261f, L:/127.0.0.1:63700 - R:localhost/127.0.0.1:54494] for POST '/session/4bf10aa214509a87fb0e5d73d5b89bbb/timeouts'
19:06:31.593 [AsyncHttpClient-1-2] DEBUG org.asynchttpclient.netty.handler.HttpHandler - 

Request DefaultHttpRequest(decodeResult: success, version: HTTP/1.1)
POST /session/4bf10aa214509a87fb0e5d73d5b89bbb/timeouts HTTP/1.1
User-Agent: selenium/4.1.2 (java windows)
Content-Length: 22
Content-Type: application/json; charset=utf-8
host: localhost:54494
accept: */*

Response DefaultHttpResponse(decodeResult: success, version: HTTP/1.1)
HTTP/1.1 200 OK
Content-Type: application/json; charset=utf-8
cache-control: no-cache
content-length: 14

19:06:31.594 [AsyncHttpClient-1-2] DEBUG org.asynchttpclient.netty.channel.ChannelManager - Adding key: http://localhost:54494 for channel [id: 0xb359261f, L:/127.0.0.1:63700 - R:localhost/127.0.0.1:54494]
19:06:31.617 [Forwarding getCurrentUrl on session 4bf10aa214509a87fb0e5d73d5b89bbb to remote] DEBUG org.asynchttpclient.netty.request.NettyRequestSender - Using pooled Channel '[id: 0xb359261f, L:/127.0.0.1:63700 - R:localhost/127.0.0.1:54494]' for 'GET' to 'http://localhost:54494/session/4bf10aa214509a87fb0e5d73d5b89bbb/url'
19:06:31.617 [Forwarding getCurrentUrl on session 4bf10aa214509a87fb0e5d73d5b89bbb to remote] DEBUG org.asynchttpclient.netty.request.NettyRequestSender - Using open Channel [id: 0xb359261f, L:/127.0.0.1:63700 - R:localhost/127.0.0.1:54494] for GET '/session/4bf10aa214509a87fb0e5d73d5b89bbb/url'
19:06:31.627 [AsyncHttpClient-1-2] DEBUG org.asynchttpclient.netty.handler.HttpHandler - 

Request DefaultFullHttpRequest(decodeResult: success, version: HTTP/1.1, content: EmptyByteBufBE)
GET /session/4bf10aa214509a87fb0e5d73d5b89bbb/url HTTP/1.1
User-Agent: selenium/4.1.2 (java windows)
Cache-Control: no-cache
Content-Type: application/json; charset=utf-8
host: localhost:54494
accept: */*

Response DefaultHttpResponse(decodeResult: success, version: HTTP/1.1)
HTTP/1.1 200 OK
Content-Type: application/json; charset=utf-8
cache-control: no-cache
content-length: 36

19:06:31.629 [AsyncHttpClient-1-2] DEBUG org.asynchttpclient.netty.channel.ChannelManager - Adding key: http://localhost:54494 for channel [id: 0xb359261f, L:/127.0.0.1:63700 - R:localhost/127.0.0.1:54494]
19:06:31.663 [Forwarding findElement on session 4bf10aa214509a87fb0e5d73d5b89bbb to remote] DEBUG org.asynchttpclient.netty.request.NettyRequestSender - Using pooled Channel '[id: 0xb359261f, L:/127.0.0.1:63700 - R:localhost/127.0.0.1:54494]' for 'POST' to 'http://localhost:54494/session/4bf10aa214509a87fb0e5d73d5b89bbb/element'
19:06:31.663 [Forwarding findElement on session 4bf10aa214509a87fb0e5d73d5b89bbb to remote] DEBUG org.asynchttpclient.netty.request.NettyRequestSender - Using open Channel [id: 0xb359261f, L:/127.0.0.1:63700 - R:localhost/127.0.0.1:54494] for POST '/session/4bf10aa214509a87fb0e5d73d5b89bbb/element'
19:06:31.691 [AsyncHttpClient-1-2] DEBUG org.asynchttpclient.netty.handler.HttpHandler - 

Request DefaultHttpRequest(decodeResult: success, version: HTTP/1.1)
POST /session/4bf10aa214509a87fb0e5d73d5b89bbb/element HTTP/1.1
User-Agent: selenium/4.1.2 (java windows)
Content-Length: 83
Content-Type: application/json; charset=utf-8
host: localhost:54494
accept: */*

Response DefaultHttpResponse(decodeResult: success, version: HTTP/1.1)
HTTP/1.1 200 OK
Content-Type: application/json; charset=utf-8
cache-control: no-cache
content-length: 88

19:06:31.692 [AsyncHttpClient-1-2] DEBUG org.asynchttpclient.netty.channel.ChannelManager - Adding key: http://localhost:54494 for channel [id: 0xb359261f, L:/127.0.0.1:63700 - R:localhost/127.0.0.1:54494]
19:06:31.701 [Forwarding getElementTagName on session 4bf10aa214509a87fb0e5d73d5b89bbb to remote] DEBUG org.asynchttpclient.netty.request.NettyRequestSender - Using pooled Channel '[id: 0xb359261f, L:/127.0.0.1:63700 - R:localhost/127.0.0.1:54494]' for 'GET' to 'http://localhost:54494/session/4bf10aa214509a87fb0e5d73d5b89bbb/element/c5ae53d7-39ea-4389-a913-fd01d5830601/name'
19:06:31.701 [Forwarding getElementTagName on session 4bf10aa214509a87fb0e5d73d5b89bbb to remote] DEBUG org.asynchttpclient.netty.request.NettyRequestSender - Using open Channel [id: 0xb359261f, L:/127.0.0.1:63700 - R:localhost/127.0.0.1:54494] for GET '/session/4bf10aa214509a87fb0e5d73d5b89bbb/element/c5ae53d7-39ea-4389-a913-fd01d5830601/name'
19:06:31.708 [AsyncHttpClient-1-2] DEBUG org.asynchttpclient.netty.handler.HttpHandler - 

Request DefaultFullHttpRequest(decodeResult: success, version: HTTP/1.1, content: EmptyByteBufBE)
GET /session/4bf10aa214509a87fb0e5d73d5b89bbb/element/c5ae53d7-39ea-4389-a913-fd01d5830601/name HTTP/1.1
User-Agent: selenium/4.1.2 (java windows)
Cache-Control: no-cache
Content-Type: application/json; charset=utf-8
host: localhost:54494
accept: */*

Response DefaultHttpResponse(decodeResult: success, version: HTTP/1.1)
HTTP/1.1 200 OK
Content-Type: application/json; charset=utf-8
cache-control: no-cache
content-length: 15

19:06:31.709 [AsyncHttpClient-1-2] DEBUG org.asynchttpclient.netty.channel.ChannelManager - Adding key: http://localhost:54494 for channel [id: 0xb359261f, L:/127.0.0.1:63700 - R:localhost/127.0.0.1:54494]
19:06:31.712 [Forwarding getElementTagName on session 4bf10aa214509a87fb0e5d73d5b89bbb to remote] DEBUG org.asynchttpclient.netty.request.NettyRequestSender - Using pooled Channel '[id: 0xb359261f, L:/127.0.0.1:63700 - R:localhost/127.0.0.1:54494]' for 'GET' to 'http://localhost:54494/session/4bf10aa214509a87fb0e5d73d5b89bbb/element/c5ae53d7-39ea-4389-a913-fd01d5830601/name'
19:06:31.714 [Forwarding getElementTagName on session 4bf10aa214509a87fb0e5d73d5b89bbb to remote] DEBUG org.asynchttpclient.netty.request.NettyRequestSender - Using open Channel [id: 0xb359261f, L:/127.0.0.1:63700 - R:localhost/127.0.0.1:54494] for GET '/session/4bf10aa214509a87fb0e5d73d5b89bbb/element/c5ae53d7-39ea-4389-a913-fd01d5830601/name'
19:06:31.719 [AsyncHttpClient-1-2] DEBUG org.asynchttpclient.netty.handler.HttpHandler - 

Request DefaultFullHttpRequest(decodeResult: success, version: HTTP/1.1, content: EmptyByteBufBE)
GET /session/4bf10aa214509a87fb0e5d73d5b89bbb/element/c5ae53d7-39ea-4389-a913-fd01d5830601/name HTTP/1.1
User-Agent: selenium/4.1.2 (java windows)
Cache-Control: no-cache
Content-Type: application/json; charset=utf-8
host: localhost:54494
accept: */*

Response DefaultHttpResponse(decodeResult: success, version: HTTP/1.1)
HTTP/1.1 200 OK
Content-Type: application/json; charset=utf-8
cache-control: no-cache
content-length: 15

19:06:31.721 [AsyncHttpClient-1-2] DEBUG org.asynchttpclient.netty.channel.ChannelManager - Adding key: http://localhost:54494 for channel [id: 0xb359261f, L:/127.0.0.1:63700 - R:localhost/127.0.0.1:54494]
19:06:31.726 [Forwarding findElement on session 4bf10aa214509a87fb0e5d73d5b89bbb to remote] DEBUG org.asynchttpclient.netty.request.NettyRequestSender - Using pooled Channel '[id: 0xb359261f, L:/127.0.0.1:63700 - R:localhost/127.0.0.1:54494]' for 'POST' to 'http://localhost:54494/session/4bf10aa214509a87fb0e5d73d5b89bbb/element'
19:06:31.726 [Forwarding findElement on session 4bf10aa214509a87fb0e5d73d5b89bbb to remote] DEBUG org.asynchttpclient.netty.request.NettyRequestSender - Using open Channel [id: 0xb359261f, L:/127.0.0.1:63700 - R:localhost/127.0.0.1:54494] for POST '/session/4bf10aa214509a87fb0e5d73d5b89bbb/element'
19:06:31.740 [AsyncHttpClient-1-2] DEBUG org.asynchttpclient.netty.handler.HttpHandler - 

Request DefaultHttpRequest(decodeResult: success, version: HTTP/1.1)
POST /session/4bf10aa214509a87fb0e5d73d5b89bbb/element HTTP/1.1
User-Agent: selenium/4.1.2 (java windows)
Content-Length: 83
Content-Type: application/json; charset=utf-8
host: localhost:54494
accept: */*

Response DefaultHttpResponse(decodeResult: success, version: HTTP/1.1)
HTTP/1.1 200 OK
Content-Type: application/json; charset=utf-8
cache-control: no-cache
content-length: 88

19:06:31.741 [AsyncHttpClient-1-2] DEBUG org.asynchttpclient.netty.channel.ChannelManager - Adding key: http://localhost:54494 for channel [id: 0xb359261f, L:/127.0.0.1:63700 - R:localhost/127.0.0.1:54494]
19:06:31.745 [Forwarding clickElement on session 4bf10aa214509a87fb0e5d73d5b89bbb to remote] DEBUG org.asynchttpclient.netty.request.NettyRequestSender - Using pooled Channel '[id: 0xb359261f, L:/127.0.0.1:63700 - R:localhost/127.0.0.1:54494]' for 'POST' to 'http://localhost:54494/session/4bf10aa214509a87fb0e5d73d5b89bbb/element/c5ae53d7-39ea-4389-a913-fd01d5830601/click'
19:06:31.746 [Forwarding clickElement on session 4bf10aa214509a87fb0e5d73d5b89bbb to remote] DEBUG org.asynchttpclient.netty.request.NettyRequestSender - Using open Channel [id: 0xb359261f, L:/127.0.0.1:63700 - R:localhost/127.0.0.1:54494] for POST '/session/4bf10aa214509a87fb0e5d73d5b89bbb/element/c5ae53d7-39ea-4389-a913-fd01d5830601/click'
19:06:31.836 [AsyncHttpClient-1-1] DEBUG org.asynchttpclient.netty.channel.DefaultChannelPool - Entry count for : http://localhost:63701 : 1
19:06:31.844 [AsyncHttpClient-1-2] DEBUG org.asynchttpclient.netty.handler.HttpHandler - 

Request DefaultHttpRequest(decodeResult: success, version: HTTP/1.1)
POST /session/4bf10aa214509a87fb0e5d73d5b89bbb/element/c5ae53d7-39ea-4389-a913-fd01d5830601/click HTTP/1.1
User-Agent: selenium/4.1.2 (java windows)
Content-Length: 50
Content-Type: application/json; charset=utf-8
host: localhost:54494
accept: */*

Response DefaultHttpResponse(decodeResult: success, version: HTTP/1.1)
HTTP/1.1 200 OK
Content-Type: application/json; charset=utf-8
cache-control: no-cache
content-length: 14

19:06:31.845 [AsyncHttpClient-1-2] DEBUG org.asynchttpclient.netty.channel.ChannelManager - Adding key: http://localhost:54494 for channel [id: 0xb359261f, L:/127.0.0.1:63700 - R:localhost/127.0.0.1:54494]
19:06:31.922 [main] DEBUG net.serenitybdd.core.photography.Darkroom - Opening darkroom
19:06:31.947 [Darkroom Processing Line] DEBUG net.serenitybdd.core.photography.DarkroomProcessingLine - Darkroom processing line starting up
19:06:31.955 [Forwarding screenshot on session 4bf10aa214509a87fb0e5d73d5b89bbb to remote] DEBUG org.asynchttpclient.netty.request.NettyRequestSender - Using pooled Channel '[id: 0xb359261f, L:/127.0.0.1:63700 - R:localhost/127.0.0.1:54494]' for 'GET' to 'http://localhost:54494/session/4bf10aa214509a87fb0e5d73d5b89bbb/screenshot'
19:06:31.955 [Forwarding screenshot on session 4bf10aa214509a87fb0e5d73d5b89bbb to remote] DEBUG org.asynchttpclient.netty.request.NettyRequestSender - Using open Channel [id: 0xb359261f, L:/127.0.0.1:63700 - R:localhost/127.0.0.1:54494] for GET '/session/4bf10aa214509a87fb0e5d73d5b89bbb/screenshot'
19:06:32.305 [AsyncHttpClient-1-2] DEBUG org.asynchttpclient.netty.handler.HttpHandler - 

Request DefaultFullHttpRequest(decodeResult: success, version: HTTP/1.1, content: EmptyByteBufBE)
GET /session/4bf10aa214509a87fb0e5d73d5b89bbb/screenshot HTTP/1.1
User-Agent: selenium/4.1.2 (java windows)
Cache-Control: no-cache
Content-Type: application/json; charset=utf-8
host: localhost:54494
accept: */*

Response DefaultHttpResponse(decodeResult: success, version: HTTP/1.1)
HTTP/1.1 200 OK
Content-Type: application/json; charset=utf-8
cache-control: no-cache
content-length: 315148

19:06:32.312 [AsyncHttpClient-1-2] DEBUG org.asynchttpclient.netty.channel.ChannelManager - Adding key: http://localhost:54494 for channel [id: 0xb359261f, L:/127.0.0.1:63700 - R:localhost/127.0.0.1:54494]
19:06:32.650 [main] DEBUG net.serenitybdd.core.photography.Darkroom - Send negative for processing for target\site\serenity\96a7b0525108f9d5b6c74f016d654b247c6e75b786e6a2a8c6d6c32830ae243f.png
19:06:32.651 [Darkroom Processing Line] DEBUG net.serenitybdd.core.photography.DarkroomProcessingLine - Processing screenshot image in /var/screenshots/screenshot-2968067025179909091
19:06:32.651 [Darkroom Processing Line] DEBUG net.serenitybdd.core.photography.DarkroomProcessingLine - Saving screenshot to target\site\serenity\96a7b0525108f9d5b6c74f016d654b247c6e75b786e6a2a8c6d6c32830ae243f.png
19:06:32.663 [main] DEBUG net.thucydides.core.steps.StepInterceptor - STEP DONE: openPage
  &amp#27;[32mGiven &amp#27;[0m&amp#27;[32mI am on the login page&amp#27;[0m                     &amp#27;[90m# starter.stepdefinitions.LoginSteps.onTheLoginPage()&amp#27;[0m
19:06:32.706 [Forwarding screenshot on session 4bf10aa214509a87fb0e5d73d5b89bbb to remote] DEBUG org.asynchttpclient.netty.request.NettyRequestSender - Using pooled Channel '[id: 0xb359261f, L:/127.0.0.1:63700 - R:localhost/127.0.0.1:54494]' for 'GET' to 'http://localhost:54494/session/4bf10aa214509a87fb0e5d73d5b89bbb/screenshot'
19:06:32.707 [Forwarding screenshot on session 4bf10aa214509a87fb0e5d73d5b89bbb to remote] DEBUG org.asynchttpclient.netty.request.NettyRequestSender - Using open Channel [id: 0xb359261f, L:/127.0.0.1:63700 - R:localhost/127.0.0.1:54494] for GET '/session/4bf10aa214509a87fb0e5d73d5b89bbb/screenshot'
19:06:32.933 [AsyncHttpClient-1-1] DEBUG org.asynchttpclient.netty.channel.DefaultChannelPool - Entry count for : http://localhost:63701 : 1
19:06:33.082 [AsyncHttpClient-1-2] DEBUG org.asynchttpclient.netty.handler.HttpHandler - 

Request DefaultFullHttpRequest(decodeResult: success, version: HTTP/1.1, content: EmptyByteBufBE)
GET /session/4bf10aa214509a87fb0e5d73d5b89bbb/screenshot HTTP/1.1
User-Agent: selenium/4.1.2 (java windows)
Cache-Control: no-cache
Content-Type: application/json; charset=utf-8
host: localhost:54494
accept: */*

Response DefaultHttpResponse(decodeResult: success, version: HTTP/1.1)
HTTP/1.1 200 OK
Content-Type: application/json; charset=utf-8
cache-control: no-cache
content-length: 315148

19:06:33.090 [AsyncHttpClient-1-2] DEBUG org.asynchttpclient.netty.channel.ChannelManager - Adding key: http://localhost:54494 for channel [id: 0xb359261f, L:/127.0.0.1:63700 - R:localhost/127.0.0.1:54494]
19:06:33.193 [main] DEBUG net.serenitybdd.core.photography.Darkroom - Send negative for processing for target\site\serenity\96a7b0525108f9d5b6c74f016d654b247c6e75b786e6a2a8c6d6c32830ae243f.png
19:06:33.212 [main] DEBUG net.thucydides.core.steps.StepInterceptor - STARTING STEP: LoginSteps.inputUsername - inputUsername
19:06:33.220 [Forwarding findElement on session 4bf10aa214509a87fb0e5d73d5b89bbb to remote] DEBUG org.asynchttpclient.netty.request.NettyRequestSender - Using pooled Channel '[id: 0xb359261f, L:/127.0.0.1:63700 - R:localhost/127.0.0.1:54494]' for 'POST' to 'http://localhost:54494/session/4bf10aa214509a87fb0e5d73d5b89bbb/element'
19:06:33.221 [Forwarding findElement on session 4bf10aa214509a87fb0e5d73d5b89bbb to remote] DEBUG org.asynchttpclient.netty.request.NettyRequestSender - Using open Channel [id: 0xb359261f, L:/127.0.0.1:63700 - R:localhost/127.0.0.1:54494] for POST '/session/4bf10aa214509a87fb0e5d73d5b89bbb/element'
19:06:33.239 [AsyncHttpClient-1-2] DEBUG org.asynchttpclient.netty.handler.HttpHandler - 

Request DefaultHttpRequest(decodeResult: success, version: HTTP/1.1)
POST /session/4bf10aa214509a87fb0e5d73d5b89bbb/element HTTP/1.1
User-Agent: selenium/4.1.2 (java windows)
Content-Length: 53
Content-Type: application/json; charset=utf-8
host: localhost:54494
accept: */*

Response DefaultHttpResponse(decodeResult: success, version: HTTP/1.1)
HTTP/1.1 200 OK
Content-Type: application/json; charset=utf-8
cache-control: no-cache
content-length: 88

19:06:33.239 [AsyncHttpClient-1-2] DEBUG org.asynchttpclient.netty.channel.ChannelManager - Adding key: http://localhost:54494 for channel [id: 0xb359261f, L:/127.0.0.1:63700 - R:localhost/127.0.0.1:54494]
19:06:33.242 [Forwarding clearElement on session 4bf10aa214509a87fb0e5d73d5b89bbb to remote] DEBUG org.asynchttpclient.netty.request.NettyRequestSender - Using pooled Channel '[id: 0xb359261f, L:/127.0.0.1:63700 - R:localhost/127.0.0.1:54494]' for 'POST' to 'http://localhost:54494/session/4bf10aa214509a87fb0e5d73d5b89bbb/element/3b186949-390a-4de2-ad37-8b1d07d13eef/clear'
19:06:33.243 [Forwarding clearElement on session 4bf10aa214509a87fb0e5d73d5b89bbb to remote] DEBUG org.asynchttpclient.netty.request.NettyRequestSender - Using open Channel [id: 0xb359261f, L:/127.0.0.1:63700 - R:localhost/127.0.0.1:54494] for POST '/session/4bf10aa214509a87fb0e5d73d5b89bbb/element/3b186949-390a-4de2-ad37-8b1d07d13eef/clear'
19:06:33.287 [AsyncHttpClient-1-2] DEBUG org.asynchttpclient.netty.handler.HttpHandler - 

Request DefaultHttpRequest(decodeResult: success, version: HTTP/1.1)
POST /session/4bf10aa214509a87fb0e5d73d5b89bbb/element/3b186949-390a-4de2-ad37-8b1d07d13eef/clear HTTP/1.1
User-Agent: selenium/4.1.2 (java windows)
Content-Length: 50
Content-Type: application/json; charset=utf-8
host: localhost:54494
accept: */*

Response DefaultHttpResponse(decodeResult: success, version: HTTP/1.1)
HTTP/1.1 200 OK
Content-Type: application/json; charset=utf-8
cache-control: no-cache
content-length: 14

19:06:33.288 [AsyncHttpClient-1-2] DEBUG org.asynchttpclient.netty.channel.ChannelManager - Adding key: http://localhost:54494 for channel [id: 0xb359261f, L:/127.0.0.1:63700 - R:localhost/127.0.0.1:54494]
19:06:33.294 [Forwarding sendKeysToElement on session 4bf10aa214509a87fb0e5d73d5b89bbb to remote] DEBUG org.asynchttpclient.netty.request.NettyRequestSender - Using pooled Channel '[id: 0xb359261f, L:/127.0.0.1:63700 - R:localhost/127.0.0.1:54494]' for 'POST' to 'http://localhost:54494/session/4bf10aa214509a87fb0e5d73d5b89bbb/element/3b186949-390a-4de2-ad37-8b1d07d13eef/value'
19:06:33.295 [Forwarding sendKeysToElement on session 4bf10aa214509a87fb0e5d73d5b89bbb to remote] DEBUG org.asynchttpclient.netty.request.NettyRequestSender - Using open Channel [id: 0xb359261f, L:/127.0.0.1:63700 - R:localhost/127.0.0.1:54494] for POST '/session/4bf10aa214509a87fb0e5d73d5b89bbb/element/3b186949-390a-4de2-ad37-8b1d07d13eef/value'
19:06:33.397 [AsyncHttpClient-1-2] DEBUG org.asynchttpclient.netty.handler.HttpHandler - 

Request DefaultHttpRequest(decodeResult: success, version: HTTP/1.1)
POST /session/4bf10aa214509a87fb0e5d73d5b89bbb/element/3b186949-390a-4de2-ad37-8b1d07d13eef/value HTTP/1.1
User-Agent: selenium/4.1.2 (java windows)
Content-Length: 181
Content-Type: application/json; charset=utf-8
host: localhost:54494
accept: */*

Response DefaultHttpResponse(decodeResult: success, version: HTTP/1.1)
HTTP/1.1 200 OK
Content-Type: application/json; charset=utf-8
cache-control: no-cache
content-length: 14

19:06:33.397 [AsyncHttpClient-1-2] DEBUG org.asynchttpclient.netty.channel.ChannelManager - Adding key: http://localhost:54494 for channel [id: 0xb359261f, L:/127.0.0.1:63700 - R:localhost/127.0.0.1:54494]
19:06:33.419 [Forwarding screenshot on session 4bf10aa214509a87fb0e5d73d5b89bbb to remote] DEBUG org.asynchttpclient.netty.request.NettyRequestSender - Using pooled Channel '[id: 0xb359261f, L:/127.0.0.1:63700 - R:localhost/127.0.0.1:54494]' for 'GET' to 'http://localhost:54494/session/4bf10aa214509a87fb0e5d73d5b89bbb/screenshot'
19:06:33.419 [Forwarding screenshot on session 4bf10aa214509a87fb0e5d73d5b89bbb to remote] DEBUG org.asynchttpclient.netty.request.NettyRequestSender - Using open Channel [id: 0xb359261f, L:/127.0.0.1:63700 - R:localhost/127.0.0.1:54494] for GET '/session/4bf10aa214509a87fb0e5d73d5b89bbb/screenshot'
19:06:33.833 [AsyncHttpClient-1-2] DEBUG org.asynchttpclient.netty.handler.HttpHandler - 

Request DefaultFullHttpRequest(decodeResult: success, version: HTTP/1.1, content: EmptyByteBufBE)
GET /session/4bf10aa214509a87fb0e5d73d5b89bbb/screenshot HTTP/1.1
User-Agent: selenium/4.1.2 (java windows)
Cache-Control: no-cache
Content-Type: application/json; charset=utf-8
host: localhost:54494
accept: */*

Response DefaultHttpResponse(decodeResult: success, version: HTTP/1.1)
HTTP/1.1 200 OK
Content-Type: application/json; charset=utf-8
cache-control: no-cache
content-length: 315740

19:06:33.837 [AsyncHttpClient-1-2] DEBUG org.asynchttpclient.netty.channel.ChannelManager - Adding key: http://localhost:54494 for channel [id: 0xb359261f, L:/127.0.0.1:63700 - R:localhost/127.0.0.1:54494]
19:06:33.864 [main] DEBUG net.serenitybdd.core.photography.Darkroom - Send negative for processing for target\site\serenity\7481ff02a920f776da069be3414f7c29c015c3755a0e3f7bdcc48c3b7dfc2dd8.png
19:06:33.865 [main] DEBUG net.thucydides.core.steps.StepInterceptor - STEP DONE: inputUsername
19:06:33.865 [Darkroom Processing Line] DEBUG net.serenitybdd.core.photography.DarkroomProcessingLine - Processing screenshot image in /var/screenshots/screenshot-6752456479689954941
19:06:33.865 [Darkroom Processing Line] DEBUG net.serenitybdd.core.photography.DarkroomProcessingLine - Saving screenshot to target\site\serenity\7481ff02a920f776da069be3414f7c29c015c3755a0e3f7bdcc48c3b7dfc2dd8.png
  &amp#27;[32mWhen &amp#27;[0m&amp#27;[32mI input valid username&amp#27;[0m                      &amp#27;[90m# starter.stepdefinitions.LoginSteps.inputUsername()&amp#27;[0m
19:06:33.915 [main] DEBUG net.thucydides.core.steps.StepInterceptor - STARTING STEP: LoginSteps.inputPassword - inputPassword
19:06:33.931 [Forwarding findElement on session 4bf10aa214509a87fb0e5d73d5b89bbb to remote] DEBUG org.asynchttpclient.netty.request.NettyRequestSender - Using pooled Channel '[id: 0xb359261f, L:/127.0.0.1:63700 - R:localhost/127.0.0.1:54494]' for 'POST' to 'http://localhost:54494/session/4bf10aa214509a87fb0e5d73d5b89bbb/element'
19:06:33.931 [Forwarding findElement on session 4bf10aa214509a87fb0e5d73d5b89bbb to remote] DEBUG org.asynchttpclient.netty.request.NettyRequestSender - Using open Channel [id: 0xb359261f, L:/127.0.0.1:63700 - R:localhost/127.0.0.1:54494] for POST '/session/4bf10aa214509a87fb0e5d73d5b89bbb/element'
19:06:33.958 [AsyncHttpClient-1-2] DEBUG org.asynchttpclient.netty.handler.HttpHandler - 

Request DefaultHttpRequest(decodeResult: success, version: HTTP/1.1)
POST /session/4bf10aa214509a87fb0e5d73d5b89bbb/element HTTP/1.1
User-Agent: selenium/4.1.2 (java windows)
Content-Length: 53
Content-Type: application/json; charset=utf-8
host: localhost:54494
accept: */*

Response DefaultHttpResponse(decodeResult: success, version: HTTP/1.1)
HTTP/1.1 200 OK
Content-Type: application/json; charset=utf-8
cache-control: no-cache
content-length: 88

19:06:33.958 [AsyncHttpClient-1-2] DEBUG org.asynchttpclient.netty.channel.ChannelManager - Adding key: http://localhost:54494 for channel [id: 0xb359261f, L:/127.0.0.1:63700 - R:localhost/127.0.0.1:54494]
19:06:33.965 [Forwarding clearElement on session 4bf10aa214509a87fb0e5d73d5b89bbb to remote] DEBUG org.asynchttpclient.netty.request.NettyRequestSender - Using pooled Channel '[id: 0xb359261f, L:/127.0.0.1:63700 - R:localhost/127.0.0.1:54494]' for 'POST' to 'http://localhost:54494/session/4bf10aa214509a87fb0e5d73d5b89bbb/element/b1b26ab5-2904-449f-a651-2c576f2964a9/clear'
19:06:33.965 [Forwarding clearElement on session 4bf10aa214509a87fb0e5d73d5b89bbb to remote] DEBUG org.asynchttpclient.netty.request.NettyRequestSender - Using open Channel [id: 0xb359261f, L:/127.0.0.1:63700 - R:localhost/127.0.0.1:54494] for POST '/session/4bf10aa214509a87fb0e5d73d5b89bbb/element/b1b26ab5-2904-449f-a651-2c576f2964a9/clear'
19:06:34.033 [AsyncHttpClient-1-1] DEBUG org.asynchttpclient.netty.channel.DefaultChannelPool - Entry count for : http://localhost:63701 : 1
19:06:34.055 [AsyncHttpClient-1-2] DEBUG org.asynchttpclient.netty.handler.HttpHandler - 

Request DefaultHttpRequest(decodeResult: success, version: HTTP/1.1)
POST /session/4bf10aa214509a87fb0e5d73d5b89bbb/element/b1b26ab5-2904-449f-a651-2c576f2964a9/clear HTTP/1.1
User-Agent: selenium/4.1.2 (java windows)
Content-Length: 50
Content-Type: application/json; charset=utf-8
host: localhost:54494
accept: */*

Response DefaultHttpResponse(decodeResult: success, version: HTTP/1.1)
HTTP/1.1 200 OK
Content-Type: application/json; charset=utf-8
cache-control: no-cache
content-length: 14

19:06:34.056 [AsyncHttpClient-1-2] DEBUG org.asynchttpclient.netty.channel.ChannelManager - Adding key: http://localhost:54494 for channel [id: 0xb359261f, L:/127.0.0.1:63700 - R:localhost/127.0.0.1:54494]
19:06:34.062 [Forwarding sendKeysToElement on session 4bf10aa214509a87fb0e5d73d5b89bbb to remote] DEBUG org.asynchttpclient.netty.request.NettyRequestSender - Using pooled Channel '[id: 0xb359261f, L:/127.0.0.1:63700 - R:localhost/127.0.0.1:54494]' for 'POST' to 'http://localhost:54494/session/4bf10aa214509a87fb0e5d73d5b89bbb/element/b1b26ab5-2904-449f-a651-2c576f2964a9/value'
19:06:34.062 [Forwarding sendKeysToElement on session 4bf10aa214509a87fb0e5d73d5b89bbb to remote] DEBUG org.asynchttpclient.netty.request.NettyRequestSender - Using open Channel [id: 0xb359261f, L:/127.0.0.1:63700 - R:localhost/127.0.0.1:54494] for POST '/session/4bf10aa214509a87fb0e5d73d5b89bbb/element/b1b26ab5-2904-449f-a651-2c576f2964a9/value'
19:06:34.240 [AsyncHttpClient-1-2] DEBUG org.asynchttpclient.netty.handler.HttpHandler - 

Request DefaultHttpRequest(decodeResult: success, version: HTTP/1.1)
POST /session/4bf10aa214509a87fb0e5d73d5b89bbb/element/b1b26ab5-2904-449f-a651-2c576f2964a9/value HTTP/1.1
User-Agent: selenium/4.1.2 (java windows)
Content-Length: 161
Content-Type: application/json; charset=utf-8
host: localhost:54494
accept: */*

Response DefaultHttpResponse(decodeResult: success, version: HTTP/1.1)
HTTP/1.1 200 OK
Content-Type: application/json; charset=utf-8
cache-control: no-cache
content-length: 14

19:06:34.241 [AsyncHttpClient-1-2] DEBUG org.asynchttpclient.netty.channel.ChannelManager - Adding key: http://localhost:54494 for channel [id: 0xb359261f, L:/127.0.0.1:63700 - R:localhost/127.0.0.1:54494]
19:06:34.262 [Forwarding screenshot on session 4bf10aa214509a87fb0e5d73d5b89bbb to remote] DEBUG org.asynchttpclient.netty.request.NettyRequestSender - Using pooled Channel '[id: 0xb359261f, L:/127.0.0.1:63700 - R:localhost/127.0.0.1:54494]' for 'GET' to 'http://localhost:54494/session/4bf10aa214509a87fb0e5d73d5b89bbb/screenshot'
19:06:34.264 [Forwarding screenshot on session 4bf10aa214509a87fb0e5d73d5b89bbb to remote] DEBUG org.asynchttpclient.netty.request.NettyRequestSender - Using open Channel [id: 0xb359261f, L:/127.0.0.1:63700 - R:localhost/127.0.0.1:54494] for GET '/session/4bf10aa214509a87fb0e5d73d5b89bbb/screenshot'
19:06:34.708 [AsyncHttpClient-1-2] DEBUG org.asynchttpclient.netty.handler.HttpHandler - 

Request DefaultFullHttpRequest(decodeResult: success, version: HTTP/1.1, content: EmptyByteBufBE)
GET /session/4bf10aa214509a87fb0e5d73d5b89bbb/screenshot HTTP/1.1
User-Agent: selenium/4.1.2 (java windows)
Cache-Control: no-cache
Content-Type: application/json; charset=utf-8
host: localhost:54494
accept: */*

Response DefaultHttpResponse(decodeResult: success, version: HTTP/1.1)
HTTP/1.1 200 OK
Content-Type: application/json; charset=utf-8
cache-control: no-cache
content-length: 313212

19:06:34.715 [AsyncHttpClient-1-2] DEBUG org.asynchttpclient.netty.channel.ChannelManager - Adding key: http://localhost:54494 for channel [id: 0xb359261f, L:/127.0.0.1:63700 - R:localhost/127.0.0.1:54494]
19:06:34.749 [main] DEBUG net.serenitybdd.core.photography.Darkroom - Send negative for processing for target\site\serenity\ba1ace6497da43e3566bf6293c5724b49a887a38d85fe26006ae017c55b5aef3.png
19:06:34.750 [main] DEBUG net.thucydides.core.steps.StepInterceptor - STEP DONE: inputPassword
  &amp#27;[32mAnd &amp#27;[0m&amp#27;[32mI input valid password&amp#27;[0m                       &amp#27;[90m# starter.stepdefinitions.LoginSteps.inputPassword()&amp#27;[0m
19:06:34.752 [Darkroom Processing Line] DEBUG net.serenitybdd.core.photography.DarkroomProcessingLine - Processing screenshot image in /var/screenshots/screenshot-2152910361585768741
19:06:34.753 [Darkroom Processing Line] DEBUG net.serenitybdd.core.photography.DarkroomProcessingLine - Saving screenshot to target\site\serenity\ba1ace6497da43e3566bf6293c5724b49a887a38d85fe26006ae017c55b5aef3.png
19:06:34.827 [Forwarding screenshot on session 4bf10aa214509a87fb0e5d73d5b89bbb to remote] DEBUG org.asynchttpclient.netty.request.NettyRequestSender - Using pooled Channel '[id: 0xb359261f, L:/127.0.0.1:63700 - R:localhost/127.0.0.1:54494]' for 'GET' to 'http://localhost:54494/session/4bf10aa214509a87fb0e5d73d5b89bbb/screenshot'
19:06:34.827 [Forwarding screenshot on session 4bf10aa214509a87fb0e5d73d5b89bbb to remote] DEBUG org.asynchttpclient.netty.request.NettyRequestSender - Using open Channel [id: 0xb359261f, L:/127.0.0.1:63700 - R:localhost/127.0.0.1:54494] for GET '/session/4bf10aa214509a87fb0e5d73d5b89bbb/screenshot'
19:06:35.133 [AsyncHttpClient-1-1] DEBUG org.asynchttpclient.netty.channel.DefaultChannelPool - Entry count for : http://localhost:63701 : 1
19:06:35.189 [AsyncHttpClient-1-2] DEBUG org.asynchttpclient.netty.handler.HttpHandler - 

Request DefaultFullHttpRequest(decodeResult: success, version: HTTP/1.1, content: EmptyByteBufBE)
GET /session/4bf10aa214509a87fb0e5d73d5b89bbb/screenshot HTTP/1.1
User-Agent: selenium/4.1.2 (java windows)
Cache-Control: no-cache
Content-Type: application/json; charset=utf-8
host: localhost:54494
accept: */*

Response DefaultHttpResponse(decodeResult: success, version: HTTP/1.1)
HTTP/1.1 200 OK
Content-Type: application/json; charset=utf-8
cache-control: no-cache
content-length: 313456

19:06:35.192 [AsyncHttpClient-1-2] DEBUG org.asynchttpclient.netty.channel.ChannelManager - Adding key: http://localhost:54494 for channel [id: 0xb359261f, L:/127.0.0.1:63700 - R:localhost/127.0.0.1:54494]
19:06:35.216 [main] DEBUG net.serenitybdd.core.photography.Darkroom - Send negative for processing for target\site\serenity\adca1f7463b17afc20dffcdd4e25f0fd18dd2ffadae17718f42affcba334ad1d.png
19:06:35.216 [Darkroom Processing Line] DEBUG net.serenitybdd.core.photography.DarkroomProcessingLine - Processing screenshot image in /var/screenshots/screenshot-5605893225093439236
19:06:35.216 [Darkroom Processing Line] DEBUG net.serenitybdd.core.photography.DarkroomProcessingLine - Saving screenshot to target\site\serenity\adca1f7463b17afc20dffcdd4e25f0fd18dd2ffadae17718f42affcba334ad1d.png
19:06:35.217 [main] DEBUG net.thucydides.core.steps.StepInterceptor - STARTING STEP: LoginSteps.clickLoginButton - clickLoginButton
19:06:35.232 [Forwarding findElement on session 4bf10aa214509a87fb0e5d73d5b89bbb to remote] DEBUG org.asynchttpclient.netty.request.NettyRequestSender - Using pooled Channel '[id: 0xb359261f, L:/127.0.0.1:63700 - R:localhost/127.0.0.1:54494]' for 'POST' to 'http://localhost:54494/session/4bf10aa214509a87fb0e5d73d5b89bbb/element'
19:06:35.233 [Forwarding findElement on session 4bf10aa214509a87fb0e5d73d5b89bbb to remote] DEBUG org.asynchttpclient.netty.request.NettyRequestSender - Using open Channel [id: 0xb359261f, L:/127.0.0.1:63700 - R:localhost/127.0.0.1:54494] for POST '/session/4bf10aa214509a87fb0e5d73d5b89bbb/element'
19:06:35.261 [AsyncHttpClient-1-2] DEBUG org.asynchttpclient.netty.handler.HttpHandler - 

Request DefaultHttpRequest(decodeResult: success, version: HTTP/1.1)
POST /session/4bf10aa214509a87fb0e5d73d5b89bbb/element HTTP/1.1
User-Agent: selenium/4.1.2 (java windows)
Content-Length: 50
Content-Type: application/json; charset=utf-8
host: localhost:54494
accept: */*

Response DefaultHttpResponse(decodeResult: success, version: HTTP/1.1)
HTTP/1.1 200 OK
Content-Type: application/json; charset=utf-8
cache-control: no-cache
content-length: 88

19:06:35.261 [AsyncHttpClient-1-2] DEBUG org.asynchttpclient.netty.channel.ChannelManager - Adding key: http://localhost:54494 for channel [id: 0xb359261f, L:/127.0.0.1:63700 - R:localhost/127.0.0.1:54494]
19:06:35.265 [Forwarding getElementTagName on session 4bf10aa214509a87fb0e5d73d5b89bbb to remote] DEBUG org.asynchttpclient.netty.request.NettyRequestSender - Using pooled Channel '[id: 0xb359261f, L:/127.0.0.1:63700 - R:localhost/127.0.0.1:54494]' for 'GET' to 'http://localhost:54494/session/4bf10aa214509a87fb0e5d73d5b89bbb/element/ded27b9c-7711-4942-be57-b9b3e13bb272/name'
19:06:35.265 [Forwarding getElementTagName on session 4bf10aa214509a87fb0e5d73d5b89bbb to remote] DEBUG org.asynchttpclient.netty.request.NettyRequestSender - Using open Channel [id: 0xb359261f, L:/127.0.0.1:63700 - R:localhost/127.0.0.1:54494] for GET '/session/4bf10aa214509a87fb0e5d73d5b89bbb/element/ded27b9c-7711-4942-be57-b9b3e13bb272/name'
19:06:35.276 [AsyncHttpClient-1-2] DEBUG org.asynchttpclient.netty.handler.HttpHandler - 

Request DefaultFullHttpRequest(decodeResult: success, version: HTTP/1.1, content: EmptyByteBufBE)
GET /session/4bf10aa214509a87fb0e5d73d5b89bbb/element/ded27b9c-7711-4942-be57-b9b3e13bb272/name HTTP/1.1
User-Agent: selenium/4.1.2 (java windows)
Cache-Control: no-cache
Content-Type: application/json; charset=utf-8
host: localhost:54494
accept: */*

Response DefaultHttpResponse(decodeResult: success, version: HTTP/1.1)
HTTP/1.1 200 OK
Content-Type: application/json; charset=utf-8
cache-control: no-cache
content-length: 18

19:06:35.277 [AsyncHttpClient-1-2] DEBUG org.asynchttpclient.netty.channel.ChannelManager - Adding key: http://localhost:54494 for channel [id: 0xb359261f, L:/127.0.0.1:63700 - R:localhost/127.0.0.1:54494]
19:06:35.285 [Forwarding getElementTagName on session 4bf10aa214509a87fb0e5d73d5b89bbb to remote] DEBUG org.asynchttpclient.netty.request.NettyRequestSender - Using pooled Channel '[id: 0xb359261f, L:/127.0.0.1:63700 - R:localhost/127.0.0.1:54494]' for 'GET' to 'http://localhost:54494/session/4bf10aa214509a87fb0e5d73d5b89bbb/element/ded27b9c-7711-4942-be57-b9b3e13bb272/name'
19:06:35.285 [Forwarding getElementTagName on session 4bf10aa214509a87fb0e5d73d5b89bbb to remote] DEBUG org.asynchttpclient.netty.request.NettyRequestSender - Using open Channel [id: 0xb359261f, L:/127.0.0.1:63700 - R:localhost/127.0.0.1:54494] for GET '/session/4bf10aa214509a87fb0e5d73d5b89bbb/element/ded27b9c-7711-4942-be57-b9b3e13bb272/name'
19:06:35.295 [AsyncHttpClient-1-2] DEBUG org.asynchttpclient.netty.handler.HttpHandler - 

Request DefaultFullHttpRequest(decodeResult: success, version: HTTP/1.1, content: EmptyByteBufBE)
GET /session/4bf10aa214509a87fb0e5d73d5b89bbb/element/ded27b9c-7711-4942-be57-b9b3e13bb272/name HTTP/1.1
User-Agent: selenium/4.1.2 (java windows)
Cache-Control: no-cache
Content-Type: application/json; charset=utf-8
host: localhost:54494
accept: */*

Response DefaultHttpResponse(decodeResult: success, version: HTTP/1.1)
HTTP/1.1 200 OK
Content-Type: application/json; charset=utf-8
cache-control: no-cache
content-length: 18

19:06:35.295 [AsyncHttpClient-1-2] DEBUG org.asynchttpclient.netty.channel.ChannelManager - Adding key: http://localhost:54494 for channel [id: 0xb359261f, L:/127.0.0.1:63700 - R:localhost/127.0.0.1:54494]
19:06:35.308 [Forwarding isElementEnabled on session 4bf10aa214509a87fb0e5d73d5b89bbb to remote] DEBUG org.asynchttpclient.netty.request.NettyRequestSender - Using pooled Channel '[id: 0xb359261f, L:/127.0.0.1:63700 - R:localhost/127.0.0.1:54494]' for 'GET' to 'http://localhost:54494/session/4bf10aa214509a87fb0e5d73d5b89bbb/element/ded27b9c-7711-4942-be57-b9b3e13bb272/enabled'
19:06:35.308 [Forwarding isElementEnabled on session 4bf10aa214509a87fb0e5d73d5b89bbb to remote] DEBUG org.asynchttpclient.netty.request.NettyRequestSender - Using open Channel [id: 0xb359261f, L:/127.0.0.1:63700 - R:localhost/127.0.0.1:54494] for GET '/session/4bf10aa214509a87fb0e5d73d5b89bbb/element/ded27b9c-7711-4942-be57-b9b3e13bb272/enabled'
19:06:35.325 [AsyncHttpClient-1-2] DEBUG org.asynchttpclient.netty.handler.HttpHandler - 

Request DefaultFullHttpRequest(decodeResult: success, version: HTTP/1.1, content: EmptyByteBufBE)
GET /session/4bf10aa214509a87fb0e5d73d5b89bbb/element/ded27b9c-7711-4942-be57-b9b3e13bb272/enabled HTTP/1.1
User-Agent: selenium/4.1.2 (java windows)
Cache-Control: no-cache
Content-Type: application/json; charset=utf-8
host: localhost:54494
accept: */*

Response DefaultHttpResponse(decodeResult: success, version: HTTP/1.1)
HTTP/1.1 200 OK
Content-Type: application/json; charset=utf-8
cache-control: no-cache
content-length: 14

19:06:35.326 [AsyncHttpClient-1-2] DEBUG org.asynchttpclient.netty.channel.ChannelManager - Adding key: http://localhost:54494 for channel [id: 0xb359261f, L:/127.0.0.1:63700 - R:localhost/127.0.0.1:54494]
19:06:35.334 [Forwarding isElementEnabled on session 4bf10aa214509a87fb0e5d73d5b89bbb to remote] DEBUG org.asynchttpclient.netty.request.NettyRequestSender - Using pooled Channel '[id: 0xb359261f, L:/127.0.0.1:63700 - R:localhost/127.0.0.1:54494]' for 'GET' to 'http://localhost:54494/session/4bf10aa214509a87fb0e5d73d5b89bbb/element/ded27b9c-7711-4942-be57-b9b3e13bb272/enabled'
19:06:35.334 [Forwarding isElementEnabled on session 4bf10aa214509a87fb0e5d73d5b89bbb to remote] DEBUG org.asynchttpclient.netty.request.NettyRequestSender - Using open Channel [id: 0xb359261f, L:/127.0.0.1:63700 - R:localhost/127.0.0.1:54494] for GET '/session/4bf10aa214509a87fb0e5d73d5b89bbb/element/ded27b9c-7711-4942-be57-b9b3e13bb272/enabled'
19:06:35.348 [AsyncHttpClient-1-2] DEBUG org.asynchttpclient.netty.handler.HttpHandler - 

Request DefaultFullHttpRequest(decodeResult: success, version: HTTP/1.1, content: EmptyByteBufBE)
GET /session/4bf10aa214509a87fb0e5d73d5b89bbb/element/ded27b9c-7711-4942-be57-b9b3e13bb272/enabled HTTP/1.1
User-Agent: selenium/4.1.2 (java windows)
Cache-Control: no-cache
Content-Type: application/json; charset=utf-8
host: localhost:54494
accept: */*

Response DefaultHttpResponse(decodeResult: success, version: HTTP/1.1)
HTTP/1.1 200 OK
Content-Type: application/json; charset=utf-8
cache-control: no-cache
content-length: 14

19:06:35.349 [AsyncHttpClient-1-2] DEBUG org.asynchttpclient.netty.channel.ChannelManager - Adding key: http://localhost:54494 for channel [id: 0xb359261f, L:/127.0.0.1:63700 - R:localhost/127.0.0.1:54494]
19:06:35.355 [Forwarding findElement on session 4bf10aa214509a87fb0e5d73d5b89bbb to remote] DEBUG org.asynchttpclient.netty.request.NettyRequestSender - Using pooled Channel '[id: 0xb359261f, L:/127.0.0.1:63700 - R:localhost/127.0.0.1:54494]' for 'POST' to 'http://localhost:54494/session/4bf10aa214509a87fb0e5d73d5b89bbb/element'
19:06:35.355 [Forwarding findElement on session 4bf10aa214509a87fb0e5d73d5b89bbb to remote] DEBUG org.asynchttpclient.netty.request.NettyRequestSender - Using open Channel [id: 0xb359261f, L:/127.0.0.1:63700 - R:localhost/127.0.0.1:54494] for POST '/session/4bf10aa214509a87fb0e5d73d5b89bbb/element'
19:06:35.370 [AsyncHttpClient-1-2] DEBUG org.asynchttpclient.netty.handler.HttpHandler - 

Request DefaultHttpRequest(decodeResult: success, version: HTTP/1.1)
POST /session/4bf10aa214509a87fb0e5d73d5b89bbb/element HTTP/1.1
User-Agent: selenium/4.1.2 (java windows)
Content-Length: 50
Content-Type: application/json; charset=utf-8
host: localhost:54494
accept: */*

Response DefaultHttpResponse(decodeResult: success, version: HTTP/1.1)
HTTP/1.1 200 OK
Content-Type: application/json; charset=utf-8
cache-control: no-cache
content-length: 88

19:06:35.371 [AsyncHttpClient-1-2] DEBUG org.asynchttpclient.netty.channel.ChannelManager - Adding key: http://localhost:54494 for channel [id: 0xb359261f, L:/127.0.0.1:63700 - R:localhost/127.0.0.1:54494]
19:06:35.376 [Forwarding clickElement on session 4bf10aa214509a87fb0e5d73d5b89bbb to remote] DEBUG org.asynchttpclient.netty.request.NettyRequestSender - Using pooled Channel '[id: 0xb359261f, L:/127.0.0.1:63700 - R:localhost/127.0.0.1:54494]' for 'POST' to 'http://localhost:54494/session/4bf10aa214509a87fb0e5d73d5b89bbb/element/ded27b9c-7711-4942-be57-b9b3e13bb272/click'
19:06:35.376 [Forwarding clickElement on session 4bf10aa214509a87fb0e5d73d5b89bbb to remote] DEBUG org.asynchttpclient.netty.request.NettyRequestSender - Using open Channel [id: 0xb359261f, L:/127.0.0.1:63700 - R:localhost/127.0.0.1:54494] for POST '/session/4bf10aa214509a87fb0e5d73d5b89bbb/element/ded27b9c-7711-4942-be57-b9b3e13bb272/click'
19:06:35.462 [AsyncHttpClient-1-2] DEBUG org.asynchttpclient.netty.handler.HttpHandler - 

Request DefaultHttpRequest(decodeResult: success, version: HTTP/1.1)
POST /session/4bf10aa214509a87fb0e5d73d5b89bbb/element/ded27b9c-7711-4942-be57-b9b3e13bb272/click HTTP/1.1
User-Agent: selenium/4.1.2 (java windows)
Content-Length: 50
Content-Type: application/json; charset=utf-8
host: localhost:54494
accept: */*

Response DefaultHttpResponse(decodeResult: success, version: HTTP/1.1)
HTTP/1.1 200 OK
Content-Type: application/json; charset=utf-8
cache-control: no-cache
content-length: 14

19:06:35.462 [AsyncHttpClient-1-2] DEBUG org.asynchttpclient.netty.channel.ChannelManager - Adding key: http://localhost:54494 for channel [id: 0xb359261f, L:/127.0.0.1:63700 - R:localhost/127.0.0.1:54494]
19:06:35.483 [Forwarding screenshot on session 4bf10aa214509a87fb0e5d73d5b89bbb to remote] DEBUG org.asynchttpclient.netty.request.NettyRequestSender - Using pooled Channel '[id: 0xb359261f, L:/127.0.0.1:63700 - R:localhost/127.0.0.1:54494]' for 'GET' to 'http://localhost:54494/session/4bf10aa214509a87fb0e5d73d5b89bbb/screenshot'
19:06:35.483 [Forwarding screenshot on session 4bf10aa214509a87fb0e5d73d5b89bbb to remote] DEBUG org.asynchttpclient.netty.request.NettyRequestSender - Using open Channel [id: 0xb359261f, L:/127.0.0.1:63700 - R:localhost/127.0.0.1:54494] for GET '/session/4bf10aa214509a87fb0e5d73d5b89bbb/screenshot'
19:06:35.902 [AsyncHttpClient-1-2] DEBUG org.asynchttpclient.netty.handler.HttpHandler - 

Request DefaultFullHttpRequest(decodeResult: success, version: HTTP/1.1, content: EmptyByteBufBE)
GET /session/4bf10aa214509a87fb0e5d73d5b89bbb/screenshot HTTP/1.1
User-Agent: selenium/4.1.2 (java windows)
Cache-Control: no-cache
Content-Type: application/json; charset=utf-8
host: localhost:54494
accept: */*

Response DefaultHttpResponse(decodeResult: success, version: HTTP/1.1)
HTTP/1.1 200 OK
Content-Type: application/json; charset=utf-8
cache-control: no-cache
content-length: 287988

19:06:35.907 [AsyncHttpClient-1-2] DEBUG org.asynchttpclient.netty.channel.ChannelManager - Adding key: http://localhost:54494 for channel [id: 0xb359261f, L:/127.0.0.1:63700 - R:localhost/127.0.0.1:54494]
19:06:35.928 [main] DEBUG net.serenitybdd.core.photography.Darkroom - Send negative for processing for target\site\serenity\8144c225bcf723c8a98cde469fa179e8ccccf7020201fcfe26f55a381a68abef.png
19:06:35.928 [main] DEBUG net.thucydides.core.steps.StepInterceptor - STEP DONE: clickLoginButton
  &amp#27;[32mAnd &amp#27;[0m&amp#27;[32mI click login button&amp#27;[0m                         &amp#27;[90m# starter.stepdefinitions.LoginSteps.clickLoginButton()&amp#27;[0m
19:06:35.928 [Darkroom Processing Line] DEBUG net.serenitybdd.core.photography.DarkroomProcessingLine - Processing screenshot image in /var/screenshots/screenshot-3913266806460910568
19:06:35.928 [Darkroom Processing Line] DEBUG net.serenitybdd.core.photography.DarkroomProcessingLine - Saving screenshot to target\site\serenity\8144c225bcf723c8a98cde469fa179e8ccccf7020201fcfe26f55a381a68abef.png
19:06:35.964 [main] DEBUG net.thucydides.core.steps.StepInterceptor - STARTING STEP: LoginSteps.onTheHomePage - validateOnHomePage
19:06:35.969 [Forwarding findElement on session 4bf10aa214509a87fb0e5d73d5b89bbb to remote] DEBUG org.asynchttpclient.netty.request.NettyRequestSender - Using pooled Channel '[id: 0xb359261f, L:/127.0.0.1:63700 - R:localhost/127.0.0.1:54494]' for 'POST' to 'http://localhost:54494/session/4bf10aa214509a87fb0e5d73d5b89bbb/element'
19:06:35.969 [Forwarding findElement on session 4bf10aa214509a87fb0e5d73d5b89bbb to remote] DEBUG org.asynchttpclient.netty.request.NettyRequestSender - Using open Channel [id: 0xb359261f, L:/127.0.0.1:63700 - R:localhost/127.0.0.1:54494] for POST '/session/4bf10aa214509a87fb0e5d73d5b89bbb/element'
19:06:36.239 [AsyncHttpClient-1-1] DEBUG org.asynchttpclient.netty.channel.DefaultChannelPool - Entry count for : http://localhost:63701 : 1
19:06:36.611 [AsyncHttpClient-1-2] DEBUG org.asynchttpclient.netty.handler.HttpHandler - 

Request DefaultHttpRequest(decodeResult: success, version: HTTP/1.1)
POST /session/4bf10aa214509a87fb0e5d73d5b89bbb/element HTTP/1.1
User-Agent: selenium/4.1.2 (java windows)
Content-Length: 51
Content-Type: application/json; charset=utf-8
host: localhost:54494
accept: */*

Response DefaultHttpResponse(decodeResult: success, version: HTTP/1.1)
HTTP/1.1 200 OK
Content-Type: application/json; charset=utf-8
cache-control: no-cache
content-length: 88

19:06:36.611 [AsyncHttpClient-1-2] DEBUG org.asynchttpclient.netty.channel.ChannelManager - Adding key: http://localhost:54494 for channel [id: 0xb359261f, L:/127.0.0.1:63700 - R:localhost/127.0.0.1:54494]
19:06:36.638 [Forwarding isElementDisplayed on session 4bf10aa214509a87fb0e5d73d5b89bbb to remote] DEBUG org.asynchttpclient.netty.request.NettyRequestSender - Using pooled Channel '[id: 0xb359261f, L:/127.0.0.1:63700 - R:localhost/127.0.0.1:54494]' for 'POST' to 'http://localhost:54494/session/4bf10aa214509a87fb0e5d73d5b89bbb/execute/sync'
19:06:36.639 [Forwarding isElementDisplayed on session 4bf10aa214509a87fb0e5d73d5b89bbb to remote] DEBUG org.asynchttpclient.netty.request.NettyRequestSender - Using open Channel [id: 0xb359261f, L:/127.0.0.1:63700 - R:localhost/127.0.0.1:54494] for POST '/session/4bf10aa214509a87fb0e5d73d5b89bbb/execute/sync'
19:06:36.681 [AsyncHttpClient-1-2] DEBUG org.asynchttpclient.netty.handler.HttpHandler - 

Request DefaultHttpRequest(decodeResult: success, version: HTTP/1.1)
POST /session/4bf10aa214509a87fb0e5d73d5b89bbb/execute/sync HTTP/1.1
User-Agent: selenium/4.1.2 (java windows)
Content-Length: 48780
Content-Type: application/json; charset=utf-8
host: localhost:54494
accept: */*

Response DefaultHttpResponse(decodeResult: success, version: HTTP/1.1)
HTTP/1.1 200 OK
Content-Type: application/json; charset=utf-8
cache-control: no-cache
content-length: 14

19:06:36.682 [AsyncHttpClient-1-2] DEBUG org.asynchttpclient.netty.channel.ChannelManager - Adding key: http://localhost:54494 for channel [id: 0xb359261f, L:/127.0.0.1:63700 - R:localhost/127.0.0.1:54494]
19:06:36.694 [Forwarding screenshot on session 4bf10aa214509a87fb0e5d73d5b89bbb to remote] DEBUG org.asynchttpclient.netty.request.NettyRequestSender - Using pooled Channel '[id: 0xb359261f, L:/127.0.0.1:63700 - R:localhost/127.0.0.1:54494]' for 'GET' to 'http://localhost:54494/session/4bf10aa214509a87fb0e5d73d5b89bbb/screenshot'
19:06:36.694 [Forwarding screenshot on session 4bf10aa214509a87fb0e5d73d5b89bbb to remote] DEBUG org.asynchttpclient.netty.request.NettyRequestSender - Using open Channel [id: 0xb359261f, L:/127.0.0.1:63700 - R:localhost/127.0.0.1:54494] for GET '/session/4bf10aa214509a87fb0e5d73d5b89bbb/screenshot'
19:06:37.316 [AsyncHttpClient-1-2] DEBUG org.asynchttpclient.netty.handler.HttpHandler - 

Request DefaultFullHttpRequest(decodeResult: success, version: HTTP/1.1, content: EmptyByteBufBE)
GET /session/4bf10aa214509a87fb0e5d73d5b89bbb/screenshot HTTP/1.1
User-Agent: selenium/4.1.2 (java windows)
Cache-Control: no-cache
Content-Type: application/json; charset=utf-8
host: localhost:54494
accept: */*

Response DefaultHttpResponse(decodeResult: success, version: HTTP/1.1)
HTTP/1.1 200 OK
Content-Type: application/json; charset=utf-8
cache-control: no-cache
content-length: 342100

19:06:37.320 [AsyncHttpClient-1-2] DEBUG org.asynchttpclient.netty.channel.ChannelManager - Adding key: http://localhost:54494 for channel [id: 0xb359261f, L:/127.0.0.1:63700 - R:localhost/127.0.0.1:54494]
19:06:37.337 [AsyncHttpClient-1-1] DEBUG org.asynchttpclient.netty.channel.DefaultChannelPool - Entry count for : http://localhost:54494 : 1
19:06:37.337 [AsyncHttpClient-1-1] DEBUG org.asynchttpclient.netty.channel.DefaultChannelPool - Entry count for : http://localhost:63701 : 1
19:06:37.387 [main] DEBUG net.serenitybdd.core.photography.Darkroom - Send negative for processing for target\site\serenity\f4861b2dbeda68ed299f9e8b8c713dce2440a7f0ba6525d085c1eae5a87dd7b1.png
19:06:37.388 [main] DEBUG net.thucydides.core.steps.StepInterceptor - STEP DONE: validateOnHomePage
  &amp#27;[32mThen &amp#27;[0m&amp#27;[32mI am on the home page&amp#27;[0m                       &amp#27;[90m# starter.stepdefinitions.LoginSteps.onTheHomePage()&amp#27;[0m
19:06:37.389 [Darkroom Processing Line] DEBUG net.serenitybdd.core.photography.DarkroomProcessingLine - Processing screenshot image in /var/screenshots/screenshot-5914594684381707353
19:06:37.389 [Darkroom Processing Line] DEBUG net.serenitybdd.core.photography.DarkroomProcessingLine - Saving screenshot to target\site\serenity\f4861b2dbeda68ed299f9e8b8c713dce2440a7f0ba6525d085c1eae5a87dd7b1.png
19:06:37.432 [main] INFO  - 
  _____   ___   ___   _____     ___     _     ___   ___   ___   ___  
 |_   _| | __| / __| |_   _|   | _ \   /_\   / __| / __| | __| |   \ 
   | |   | _|  \__ \   | |     |  _/  / _ \  \__ \ \__ \ | _|  | |) |
   |_|   |___| |___/   |_|     |_|   /_/ \_\ |___/ |___/ |___| |___/ 

As user, I have be able to success login
----------------------------------------------------------------------
19:06:37.931 [Driver Command Executor] DEBUG org.asynchttpclient.netty.request.NettyRequestSender - Using pooled Channel '[id: 0xb359261f, L:/127.0.0.1:63700 - R:localhost/127.0.0.1:54494]' for 'DELETE' to 'http://localhost:54494/session/4bf10aa214509a87fb0e5d73d5b89bbb'
19:06:37.931 [Driver Command Executor] DEBUG org.asynchttpclient.netty.request.NettyRequestSender - Using open Channel [id: 0xb359261f, L:/127.0.0.1:63700 - R:localhost/127.0.0.1:54494] for DELETE '/session/4bf10aa214509a87fb0e5d73d5b89bbb'
19:06:37.934 [AsyncHttpClient-1-4] DEBUG org.asynchttpclient.netty.handler.WebSocketHandler - Channel Closed: [id: 0xed7e5581, L:/127.0.0.1:63711 ! R:localhost/127.0.0.1:63701] with attribute NettyResponseFuture{currentRetry=5,
	isDone=1,
	isCancelled=0,
	asyncHandler=org.asynchttpclient.ws.WebSocketUpgradeHandler@512d7202,
	nettyRequest=org.asynchttpclient.netty.request.NettyRequest@4b27de83,
	future=java.util.concurrent.CompletableFuture@6c9a68bb[Completed normally],
	uri=ws://localhost:63701/devtools/browser/bc7d9c24-3925-4af9-825a-f56e9025a23a,
	keepAlive=true,
	redirectCount=0,
	timeoutsHolder=null,
	inAuth=0,
	touch=1648641983257}
19:06:37.935 [AsyncHttpClient-1-4] DEBUG org.asynchttpclient.netty.channel.ChannelManager - Closing Channel [id: 0xed7e5581, L:/127.0.0.1:63711 ! R:localhost/127.0.0.1:63701] 
19:06:38.432 [AsyncHttpClient-1-1] DEBUG org.asynchttpclient.netty.channel.DefaultChannelPool - Entry count for : http://localhost:63701 : 1
19:06:39.041 [AsyncHttpClient-1-3] DEBUG org.asynchttpclient.netty.handler.HttpHandler - Unexpected I/O exception on channel [id: 0x02ea95ec, L:/127.0.0.1:63709 - R:localhost/127.0.0.1:63701]
java.io.IOException: An existing connection was forcibly closed by the remote host
	at sun.nio.ch.SocketDispatcher.read0(Native Method)
	at sun.nio.ch.SocketDispatcher.read(SocketDispatcher.java:43)
	at sun.nio.ch.IOUtil.readIntoNativeBuffer(IOUtil.java:223)
	at sun.nio.ch.IOUtil.read(IOUtil.java:192)
	at sun.nio.ch.SocketChannelImpl.read(SocketChannelImpl.java:380)
	at io.netty.buffer.PooledByteBuf.setBytes(PooledByteBuf.java:258)
	at io.netty.buffer.AbstractByteBuf.writeBytes(AbstractByteBuf.java:1132)
	at io.netty.channel.socket.nio.NioSocketChannel.doReadBytes(NioSocketChannel.java:350)
	at io.netty.channel.nio.AbstractNioByteChannel$NioByteUnsafe.read(AbstractNioByteChannel.java:151)
	at io.netty.channel.nio.NioEventLoop.processSelectedKey(NioEventLoop.java:722)
	at io.netty.channel.nio.NioEventLoop.processSelectedKeysOptimized(NioEventLoop.java:658)
	at io.netty.channel.nio.NioEventLoop.processSelectedKeys(NioEventLoop.java:584)
	at io.netty.channel.nio.NioEventLoop.run(NioEventLoop.java:496)
	at io.netty.util.concurrent.SingleThreadEventExecutor$4.run(SingleThreadEventExecutor.java:986)
	at io.netty.util.internal.ThreadExecutorMap$2.run(ThreadExecutorMap.java:74)
	at io.netty.util.concurrent.FastThreadLocalRunnable.run(FastThreadLocalRunnable.java:30)
	at java.lang.Thread.run(Thread.java:745)
19:06:39.042 [AsyncHttpClient-1-3] DEBUG org.asynchttpclient.netty.channel.ChannelManager - Closing Channel [id: 0x02ea95ec, L:/127.0.0.1:63709 - R:localhost/127.0.0.1:63701] 
19:06:39.047 [AsyncHttpClient-1-3] DEBUG org.asynchttpclient.netty.handler.HttpHandler - Channel Closed: [id: 0x02ea95ec, L:/127.0.0.1:63709 ! R:localhost/127.0.0.1:63701] with attribute DISCARD
19:06:39.523 [AsyncHttpClient-1-2] DEBUG org.asynchttpclient.netty.handler.HttpHandler - 

Request DefaultFullHttpRequest(decodeResult: success, version: HTTP/1.1, content: EmptyByteBufBE)
DELETE /session/4bf10aa214509a87fb0e5d73d5b89bbb HTTP/1.1
User-Agent: selenium/4.1.2 (java windows)
Content-Type: application/json; charset=utf-8
host: localhost:54494
accept: */*

Response DefaultHttpResponse(decodeResult: success, version: HTTP/1.1)
HTTP/1.1 200 OK
Content-Type: application/json; charset=utf-8
cache-control: no-cache
content-length: 14

19:06:39.524 [AsyncHttpClient-1-2] DEBUG org.asynchttpclient.netty.channel.ChannelManager - Adding key: http://localhost:54494 for channel [id: 0xb359261f, L:/127.0.0.1:63700 - R:localhost/127.0.0.1:54494]
19:06:39.537 [AsyncHttpClient-1-1] DEBUG org.asynchttpclient.netty.channel.DefaultChannelPool - Entry count for : http://localhost:54494 : 1
19:06:39.537 [AsyncHttpClient-1-1] DEBUG org.asynchttpclient.netty.channel.DefaultChannelPool - Entry count for : http://localhost:63701 : 1
19:06:39.537 [AsyncHttpClient-1-1] DEBUG org.asynchttpclient.netty.channel.DefaultChannelPool - Adding Candidate expired Channel [id: 0x02ea95ec, L:/127.0.0.1:63709 ! R:localhost/127.0.0.1:63701] isIdleTimeoutExpired=false isRemotelyClosed=true isTtlExpired=false
19:06:39.537 [AsyncHttpClient-1-1] DEBUG org.asynchttpclient.netty.channel.DefaultChannelPool - Closing Idle Channel [id: 0x02ea95ec, L:/127.0.0.1:63709 ! R:localhost/127.0.0.1:63701]
19:06:39.538 [AsyncHttpClient-1-1] DEBUG org.asynchttpclient.netty.channel.DefaultChannelPool - Closed 1 connections out of 2 in 1 ms
19:06:39.719 [AsyncHttpClient-1-2] DEBUG org.asynchttpclient.netty.handler.HttpHandler - Channel Closed: [id: 0xb359261f, L:/127.0.0.1:63700 ! R:localhost/127.0.0.1:54494] with attribute DISCARD
]]></system-out>
    <system-err><![CDATA[Starting ChromeDriver 99.0.4844.51 (d537ec02474b5afe23684e7963d538896c63ac77-refs/branch-heads/4844@{#875}) on port 54494
Only local connections are allowed.
Please see https://chromedriver.chromium.org/security-considerations for suggestions on keeping ChromeDriver safe.
ChromeDriver was started successfully.
[1648641981.623][WARNING]: This version of ChromeDriver has not been tested with Chrome version 100.
Mar 30, 2022 7:06:23 PM org.openqa.selenium.remote.ProtocolHandshake createSession
INFO: Detected dialect: W3C
Mar 30, 2022 7:06:23 PM org.openqa.selenium.devtools.CdpVersionFinder findNearestMatch
WARNING: Unable to find an exact match for CDP version 100, so returning the closest version found: 97
Mar 30, 2022 7:06:23 PM org.openqa.selenium.devtools.CdpVersionFinder findNearestMatch
INFO: Found CDP implementation for version 100 of 97
]]></system-err>
  </testcase>
  <testcase name="As user, I have be unable login #1" classname="Login" time="19.259">
    <system-out><![CDATA[
Scenario: As user, I have be unable login                 &amp#27;[90m# src/test/resources/features/Login.feature:13&amp#27;[0m
19:06:40.279 [main] INFO io.cucumber.core.plugin.SerenityReporter - Running feature from file:///C:/Users/ASUS/IdeaProjects/WebUITesting/src/test/resources/features/Login.feature
19:06:40.296 [main] INFO  - 
  _____   ___   ___   _____     ___   _____     _     ___   _____   ___   ___  
 |_   _| | __| / __| |_   _|   / __| |_   _|   /_\   | _ \ |_   _| | __| |   \ 
   | |   | _|  \__ \   | |     \__ \   | |    / _ \  |   /   | |   | _|  | |) |
   |_|   |___| |___/   |_|     |___/   |_|   /_/ \_\ |_|_\   |_|   |___| |___/ 

As user, I have be unable login(login;as-user--i-have-be-unable-login)
--------------------------------------------------------------------------------
19:06:40.388 [main] DEBUG net.thucydides.core.steps.StepInterceptor - STARTING STEP: LoginSteps.onTheLoginPage - openPage
19:06:40.390 [main] INFO net.serenitybdd.core.webdriver.driverproviders.ChromeDriverProvider - Using automatically driver download
19:06:40.632 [AsyncHttpClient-1-1] DEBUG org.asynchttpclient.netty.channel.DefaultChannelPool - Entry count for : http://localhost:54494 : 1
19:06:40.632 [AsyncHttpClient-1-1] DEBUG org.asynchttpclient.netty.channel.DefaultChannelPool - Adding Candidate expired Channel [id: 0xb359261f, L:/127.0.0.1:63700 ! R:localhost/127.0.0.1:54494] isIdleTimeoutExpired=false isRemotelyClosed=true isTtlExpired=false
19:06:40.632 [AsyncHttpClient-1-1] DEBUG org.asynchttpclient.netty.channel.DefaultChannelPool - Closing Idle Channel [id: 0xb359261f, L:/127.0.0.1:63700 ! R:localhost/127.0.0.1:54494]
19:06:40.632 [AsyncHttpClient-1-1] DEBUG org.asynchttpclient.netty.channel.DefaultChannelPool - Closed 1 connections out of 1 in 0 ms
19:06:40.707 [main] DEBUG io.github.bonigarcia.wdm.cache.ResolutionCache - Resolution chrome=100 in cache (valid until 20:01:07 30/03/2022 ICT)
19:06:40.755 [main] DEBUG io.github.bonigarcia.wdm.cache.ResolutionCache - Resolution chrome100=100.0.4896.60 in cache (valid until 19:01:07 31/03/2022 ICT)
19:06:40.763 [main] INFO io.github.bonigarcia.wdm.WebDriverManager - Using chromedriver 100.0.4896.60 (resolved driver for Chrome 100)
19:06:40.801 [main] DEBUG io.github.bonigarcia.wdm.WebDriverManager - Driver chromedriver 100.0.4896.60 found in cache
19:06:40.802 [main] INFO io.github.bonigarcia.wdm.WebDriverManager - Exporting webdriver.chrome.driver as C:\Users\ASUS\.cache\selenium\chromedriver\win32\100.0.4896.60\chromedriver.exe
19:06:41.089 [main] DEBUG net.serenitybdd.core.webdriver.driverproviders.ProvideNewDriver - Instantiating driver
19:06:41.089 [main] DEBUG net.serenitybdd.core.webdriver.driverproviders.ProvideNewDriver - Driver capabilities: Capabilities {acceptInsecureCerts: false, base.url: https://demoqa.com, browserName: chrome, chrome.driver: src/test/resources/webdrive..., driver: chrome, goog:chromeOptions: {args: [], extensions: []}}
19:06:41.661 [AsyncHttpClient-1-5] DEBUG org.asynchttpclient.netty.channel.NettyConnectListener - Using new Channel '[id: 0xb13e53cf, L:/127.0.0.1:63748 - R:localhost/127.0.0.1:57437]' for 'POST' to '/session'
19:06:44.354 [AsyncHttpClient-1-5] DEBUG org.asynchttpclient.netty.handler.HttpHandler - 

Request DefaultHttpRequest(decodeResult: success, version: HTTP/1.1)
POST /session HTTP/1.1
User-Agent: selenium/4.1.2 (java windows)
Content-Length: 599
Content-Type: application/json; charset=utf-8
host: localhost:57437
accept: */*

Response DefaultHttpResponse(decodeResult: success, version: HTTP/1.1)
HTTP/1.1 200 OK
Content-Type: application/json; charset=utf-8
cache-control: no-cache
content-length: 786

19:06:44.354 [AsyncHttpClient-1-5] DEBUG org.asynchttpclient.netty.channel.ChannelManager - Adding key: http://localhost:57437 for channel [id: 0xb13e53cf, L:/127.0.0.1:63748 - R:localhost/127.0.0.1:57437]
19:06:44.400 [AsyncHttpClient-1-6] DEBUG org.asynchttpclient.netty.channel.NettyConnectListener - Using new Channel '[id: 0x2ff53b3c, L:/127.0.0.1:63757 - R:localhost/127.0.0.1:63749]' for 'GET' to '/json/version'
19:06:44.403 [AsyncHttpClient-1-6] DEBUG org.asynchttpclient.netty.handler.HttpHandler - 

Request DefaultFullHttpRequest(decodeResult: success, version: HTTP/1.1, content: EmptyByteBufBE)
GET /json/version HTTP/1.1
User-Agent: selenium/4.1.2 (java windows)
host: localhost:63749
accept: */*

Response DefaultHttpResponse(decodeResult: success, version: HTTP/1.1)
HTTP/1.1 200 OK
Content-Type: application/json; charset=UTF-8
content-length: 426

19:06:44.403 [AsyncHttpClient-1-6] DEBUG org.asynchttpclient.netty.channel.ChannelManager - Adding key: http://localhost:63749 for channel [id: 0x2ff53b3c, L:/127.0.0.1:63757 - R:localhost/127.0.0.1:63749]
19:06:44.433 [AsyncHttpClient-1-7] DEBUG org.asynchttpclient.netty.channel.NettyConnectListener - Using new Channel '[id: 0x03b26474, L:/127.0.0.1:63758 - R:localhost/127.0.0.1:63749]' for 'GET' to '/devtools/browser/0c4cf0d2-0060-49e9-a55b-191fb14842e1'
19:06:44.438 [AsyncHttpClient-1-7] DEBUG org.asynchttpclient.netty.handler.WebSocketHandler - 

[...]
19:07:49.927 [Forwarding clickElement on session 072d459134a8a13fb7817bcc7fe6f98b to remote] DEBUG org.asynchttpclient.netty.request.NettyRequestSender - Using pooled Channel '[id: 0xc7e1c071, L:/127.0.0.1:63845 - R:localhost/127.0.0.1:57884]' for 'POST' to 'http://localhost:57884/session/072d459134a8a13fb7817bcc7fe6f98b/element/04791baf-5371-4788-98b5-a215fd3e1d30/click'
19:07:49.928 [Forwarding clickElement on session 072d459134a8a13fb7817bcc7fe6f98b to remote] DEBUG org.asynchttpclient.netty.request.NettyRequestSender - Using open Channel [id: 0xc7e1c071, L:/127.0.0.1:63845 - R:localhost/127.0.0.1:57884] for POST '/session/072d459134a8a13fb7817bcc7fe6f98b/element/04791baf-5371-4788-98b5-a215fd3e1d30/click'
19:07:50.031 [AsyncHttpClient-1-11] DEBUG org.asynchttpclient.netty.handler.HttpHandler - 

Request DefaultHttpRequest(decodeResult: success, version: HTTP/1.1)
POST /session/072d459134a8a13fb7817bcc7fe6f98b/element/04791baf-5371-4788-98b5-a215fd3e1d30/click HTTP/1.1
User-Agent: selenium/4.1.2 (java windows)
Content-Length: 50
Content-Type: application/json; charset=utf-8
host: localhost:57884
accept: */*

Response DefaultHttpResponse(decodeResult: success, version: HTTP/1.1)
HTTP/1.1 200 OK
Content-Type: application/json; charset=utf-8
cache-control: no-cache
content-length: 14

19:07:50.032 [AsyncHttpClient-1-11] DEBUG org.asynchttpclient.netty.channel.ChannelManager - Adding key: http://localhost:57884 for channel [id: 0xc7e1c071, L:/127.0.0.1:63845 - R:localhost/127.0.0.1:57884]
19:07:50.039 [AsyncHttpClient-1-1] DEBUG org.asynchttpclient.netty.channel.DefaultChannelPool - Entry count for : http://localhost:57884 : 1
19:07:50.039 [AsyncHttpClient-1-1] DEBUG org.asynchttpclient.netty.channel.DefaultChannelPool - Entry count for : http://localhost:63846 : 1
19:07:50.050 [Forwarding screenshot on session 072d459134a8a13fb7817bcc7fe6f98b to remote] DEBUG org.asynchttpclient.netty.request.NettyRequestSender - Using pooled Channel '[id: 0xc7e1c071, L:/127.0.0.1:63845 - R:localhost/127.0.0.1:57884]' for 'GET' to 'http://localhost:57884/session/072d459134a8a13fb7817bcc7fe6f98b/screenshot'
19:07:50.051 [Forwarding screenshot on session 072d459134a8a13fb7817bcc7fe6f98b to remote] DEBUG org.asynchttpclient.netty.request.NettyRequestSender - Using open Channel [id: 0xc7e1c071, L:/127.0.0.1:63845 - R:localhost/127.0.0.1:57884] for GET '/session/072d459134a8a13fb7817bcc7fe6f98b/screenshot'
19:07:50.448 [AsyncHttpClient-1-11] DEBUG org.asynchttpclient.netty.handler.HttpHandler - 

Request DefaultFullHttpRequest(decodeResult: success, version: HTTP/1.1, content: EmptyByteBufBE)
GET /session/072d459134a8a13fb7817bcc7fe6f98b/screenshot HTTP/1.1
User-Agent: selenium/4.1.2 (java windows)
Cache-Control: no-cache
Content-Type: application/json; charset=utf-8
host: localhost:57884
accept: */*

Response DefaultHttpResponse(decodeResult: success, version: HTTP/1.1)
HTTP/1.1 200 OK
Content-Type: application/json; charset=utf-8
cache-control: no-cache
content-length: 287988

19:07:50.450 [AsyncHttpClient-1-11] DEBUG org.asynchttpclient.netty.channel.ChannelManager - Adding key: http://localhost:57884 for channel [id: 0xc7e1c071, L:/127.0.0.1:63845 - R:localhost/127.0.0.1:57884]
19:07:50.477 [main] DEBUG net.serenitybdd.core.photography.Darkroom - Send negative for processing for target\site\serenity\8144c225bcf723c8a98cde469fa179e8ccccf7020201fcfe26f55a381a68abef.png
19:07:50.478 [main] DEBUG net.thucydides.core.steps.StepInterceptor - STEP DONE: clickLoginButton
  &amp#27;[32mAnd &amp#27;[0m&amp#27;[32mI click login button&amp#27;[0m                                &amp#27;[90m# starter.stepdefinitions.LoginSteps.clickLoginButton()&amp#27;[0m
19:07:50.519 [main] DEBUG net.thucydides.core.steps.StepInterceptor - STARTING STEP: LoginSteps.showErrorMessage - showErrorMessage
19:07:50.524 [Forwarding findElement on session 072d459134a8a13fb7817bcc7fe6f98b to remote] DEBUG org.asynchttpclient.netty.request.NettyRequestSender - Using pooled Channel '[id: 0xc7e1c071, L:/127.0.0.1:63845 - R:localhost/127.0.0.1:57884]' for 'POST' to 'http://localhost:57884/session/072d459134a8a13fb7817bcc7fe6f98b/element'
19:07:50.524 [Forwarding findElement on session 072d459134a8a13fb7817bcc7fe6f98b to remote] DEBUG org.asynchttpclient.netty.request.NettyRequestSender - Using open Channel [id: 0xc7e1c071, L:/127.0.0.1:63845 - R:localhost/127.0.0.1:57884] for POST '/session/072d459134a8a13fb7817bcc7fe6f98b/element'
19:07:50.558 [AsyncHttpClient-1-11] DEBUG org.asynchttpclient.netty.handler.HttpHandler - 

Request DefaultHttpRequest(decodeResult: success, version: HTTP/1.1)
POST /session/072d459134a8a13fb7817bcc7fe6f98b/element HTTP/1.1
User-Agent: selenium/4.1.2 (java windows)
Content-Length: 49
Content-Type: application/json; charset=utf-8
host: localhost:57884
accept: */*

Response DefaultHttpResponse(decodeResult: success, version: HTTP/1.1)
HTTP/1.1 200 OK
Content-Type: application/json; charset=utf-8
cache-control: no-cache
content-length: 88

19:07:50.558 [AsyncHttpClient-1-11] DEBUG org.asynchttpclient.netty.channel.ChannelManager - Adding key: http://localhost:57884 for channel [id: 0xc7e1c071, L:/127.0.0.1:63845 - R:localhost/127.0.0.1:57884]
19:07:50.568 [Forwarding isElementDisplayed on session 072d459134a8a13fb7817bcc7fe6f98b to remote] DEBUG org.asynchttpclient.netty.request.NettyRequestSender - Using pooled Channel '[id: 0xc7e1c071, L:/127.0.0.1:63845 - R:localhost/127.0.0.1:57884]' for 'POST' to 'http://localhost:57884/session/072d459134a8a13fb7817bcc7fe6f98b/execute/sync'
19:07:50.568 [Forwarding isElementDisplayed on session 072d459134a8a13fb7817bcc7fe6f98b to remote] DEBUG org.asynchttpclient.netty.request.NettyRequestSender - Using open Channel [id: 0xc7e1c071, L:/127.0.0.1:63845 - R:localhost/127.0.0.1:57884] for POST '/session/072d459134a8a13fb7817bcc7fe6f98b/execute/sync'
19:07:50.612 [AsyncHttpClient-1-11] DEBUG org.asynchttpclient.netty.handler.HttpHandler - 

Request DefaultHttpRequest(decodeResult: success, version: HTTP/1.1)
POST /session/072d459134a8a13fb7817bcc7fe6f98b/execute/sync HTTP/1.1
User-Agent: selenium/4.1.2 (java windows)
Content-Length: 48780
Content-Type: application/json; charset=utf-8
host: localhost:57884
accept: */*

Response DefaultHttpResponse(decodeResult: success, version: HTTP/1.1)
HTTP/1.1 200 OK
Content-Type: application/json; charset=utf-8
cache-control: no-cache
content-length: 14

19:07:50.612 [AsyncHttpClient-1-11] DEBUG org.asynchttpclient.netty.channel.ChannelManager - Adding key: http://localhost:57884 for channel [id: 0xc7e1c071, L:/127.0.0.1:63845 - R:localhost/127.0.0.1:57884]
19:07:50.625 [Forwarding screenshot on session 072d459134a8a13fb7817bcc7fe6f98b to remote] DEBUG org.asynchttpclient.netty.request.NettyRequestSender - Using pooled Channel '[id: 0xc7e1c071, L:/127.0.0.1:63845 - R:localhost/127.0.0.1:57884]' for 'GET' to 'http://localhost:57884/session/072d459134a8a13fb7817bcc7fe6f98b/screenshot'
19:07:50.625 [Forwarding screenshot on session 072d459134a8a13fb7817bcc7fe6f98b to remote] DEBUG org.asynchttpclient.netty.request.NettyRequestSender - Using open Channel [id: 0xc7e1c071, L:/127.0.0.1:63845 - R:localhost/127.0.0.1:57884] for GET '/session/072d459134a8a13fb7817bcc7fe6f98b/screenshot'
19:07:50.981 [AsyncHttpClient-1-11] DEBUG org.asynchttpclient.netty.handler.HttpHandler - 

Request DefaultFullHttpRequest(decodeResult: success, version: HTTP/1.1, content: EmptyByteBufBE)
GET /session/072d459134a8a13fb7817bcc7fe6f98b/screenshot HTTP/1.1
User-Agent: selenium/4.1.2 (java windows)
Cache-Control: no-cache
Content-Type: application/json; charset=utf-8
host: localhost:57884
accept: */*

Response DefaultHttpResponse(decodeResult: success, version: HTTP/1.1)
HTTP/1.1 200 OK
Content-Type: application/json; charset=utf-8
cache-control: no-cache
content-length: 312944

19:07:50.982 [AsyncHttpClient-1-11] DEBUG org.asynchttpclient.netty.channel.ChannelManager - Adding key: http://localhost:57884 for channel [id: 0xc7e1c071, L:/127.0.0.1:63845 - R:localhost/127.0.0.1:57884]
19:07:51.002 [main] DEBUG net.serenitybdd.core.photography.Darkroom - Send negative for processing for target\site\serenity\2d18b68abe7a5d13ae94e8f0c41651a9bb64803eda42d4561f940cfea99cb105.png
19:07:51.002 [main] DEBUG net.thucydides.core.steps.StepInterceptor - STEP DONE: showErrorMessage
19:07:51.002 [Darkroom Processing Line] DEBUG net.serenitybdd.core.photography.DarkroomProcessingLine - Processing screenshot image in /var/screenshots/screenshot-3190591031651226789
19:07:51.002 [Darkroom Processing Line] DEBUG net.serenitybdd.core.photography.DarkroomProcessingLine - Saving screenshot to target\site\serenity\2d18b68abe7a5d13ae94e8f0c41651a9bb64803eda42d4561f940cfea99cb105.png
19:07:51.012 [main] DEBUG net.thucydides.core.steps.StepInterceptor - STARTING STEP: LoginSteps.showErrorMessage - verify
19:07:51.016 [Forwarding findElement on session 072d459134a8a13fb7817bcc7fe6f98b to remote] DEBUG org.asynchttpclient.netty.request.NettyRequestSender - Using pooled Channel '[id: 0xc7e1c071, L:/127.0.0.1:63845 - R:localhost/127.0.0.1:57884]' for 'POST' to 'http://localhost:57884/session/072d459134a8a13fb7817bcc7fe6f98b/element'
19:07:51.016 [Forwarding findElement on session 072d459134a8a13fb7817bcc7fe6f98b to remote] DEBUG org.asynchttpclient.netty.request.NettyRequestSender - Using open Channel [id: 0xc7e1c071, L:/127.0.0.1:63845 - R:localhost/127.0.0.1:57884] for POST '/session/072d459134a8a13fb7817bcc7fe6f98b/element'
19:07:51.025 [AsyncHttpClient-1-11] DEBUG org.asynchttpclient.netty.handler.HttpHandler - 

Request DefaultHttpRequest(decodeResult: success, version: HTTP/1.1)
POST /session/072d459134a8a13fb7817bcc7fe6f98b/element HTTP/1.1
User-Agent: selenium/4.1.2 (java windows)
Content-Length: 49
Content-Type: application/json; charset=utf-8
host: localhost:57884
accept: */*

Response DefaultHttpResponse(decodeResult: success, version: HTTP/1.1)
HTTP/1.1 200 OK
Content-Type: application/json; charset=utf-8
cache-control: no-cache
content-length: 88

19:07:51.025 [AsyncHttpClient-1-11] DEBUG org.asynchttpclient.netty.channel.ChannelManager - Adding key: http://localhost:57884 for channel [id: 0xc7e1c071, L:/127.0.0.1:63845 - R:localhost/127.0.0.1:57884]
19:07:51.026 [Forwarding getElementText on session 072d459134a8a13fb7817bcc7fe6f98b to remote] DEBUG org.asynchttpclient.netty.request.NettyRequestSender - Using pooled Channel '[id: 0xc7e1c071, L:/127.0.0.1:63845 - R:localhost/127.0.0.1:57884]' for 'GET' to 'http://localhost:57884/session/072d459134a8a13fb7817bcc7fe6f98b/element/85b725d3-345a-4532-8ca9-ee6a9253f56c/text'
19:07:51.027 [Forwarding getElementText on session 072d459134a8a13fb7817bcc7fe6f98b to remote] DEBUG org.asynchttpclient.netty.request.NettyRequestSender - Using open Channel [id: 0xc7e1c071, L:/127.0.0.1:63845 - R:localhost/127.0.0.1:57884] for GET '/session/072d459134a8a13fb7817bcc7fe6f98b/element/85b725d3-345a-4532-8ca9-ee6a9253f56c/text'
19:07:51.047 [AsyncHttpClient-1-11] DEBUG org.asynchttpclient.netty.handler.HttpHandler - 

Request DefaultFullHttpRequest(decodeResult: success, version: HTTP/1.1, content: EmptyByteBufBE)
GET /session/072d459134a8a13fb7817bcc7fe6f98b/element/85b725d3-345a-4532-8ca9-ee6a9253f56c/text HTTP/1.1
User-Agent: selenium/4.1.2 (java windows)
Cache-Control: no-cache
Content-Type: application/json; charset=utf-8
host: localhost:57884
accept: */*

Response DefaultHttpResponse(decodeResult: success, version: HTTP/1.1)
HTTP/1.1 200 OK
Content-Type: application/json; charset=utf-8
cache-control: no-cache
content-length: 41

19:07:51.047 [AsyncHttpClient-1-11] DEBUG org.asynchttpclient.netty.channel.ChannelManager - Adding key: http://localhost:57884 for channel [id: 0xc7e1c071, L:/127.0.0.1:63845 - R:localhost/127.0.0.1:57884]
19:07:51.055 [Forwarding screenshot on session 072d459134a8a13fb7817bcc7fe6f98b to remote] DEBUG org.asynchttpclient.netty.request.NettyRequestSender - Using pooled Channel '[id: 0xc7e1c071, L:/127.0.0.1:63845 - R:localhost/127.0.0.1:57884]' for 'GET' to 'http://localhost:57884/session/072d459134a8a13fb7817bcc7fe6f98b/screenshot'
19:07:51.055 [Forwarding screenshot on session 072d459134a8a13fb7817bcc7fe6f98b to remote] DEBUG org.asynchttpclient.netty.request.NettyRequestSender - Using open Channel [id: 0xc7e1c071, L:/127.0.0.1:63845 - R:localhost/127.0.0.1:57884] for GET '/session/072d459134a8a13fb7817bcc7fe6f98b/screenshot'
19:07:51.138 [AsyncHttpClient-1-1] DEBUG org.asynchttpclient.netty.channel.DefaultChannelPool - Entry count for : http://localhost:63846 : 1
19:07:51.378 [AsyncHttpClient-1-11] DEBUG org.asynchttpclient.netty.handler.HttpHandler - 

Request DefaultFullHttpRequest(decodeResult: success, version: HTTP/1.1, content: EmptyByteBufBE)
GET /session/072d459134a8a13fb7817bcc7fe6f98b/screenshot HTTP/1.1
User-Agent: selenium/4.1.2 (java windows)
Cache-Control: no-cache
Content-Type: application/json; charset=utf-8
host: localhost:57884
accept: */*

Response DefaultHttpResponse(decodeResult: success, version: HTTP/1.1)
HTTP/1.1 200 OK
Content-Type: application/json; charset=utf-8
cache-control: no-cache
content-length: 312944

19:07:51.379 [AsyncHttpClient-1-11] DEBUG org.asynchttpclient.netty.channel.ChannelManager - Adding key: http://localhost:57884 for channel [id: 0xc7e1c071, L:/127.0.0.1:63845 - R:localhost/127.0.0.1:57884]
19:07:51.405 [main] DEBUG net.serenitybdd.core.photography.Darkroom - Send negative for processing for target\site\serenity\2d18b68abe7a5d13ae94e8f0c41651a9bb64803eda42d4561f940cfea99cb105.png
19:07:51.405 [main] DEBUG net.thucydides.core.steps.StepInterceptor - STEP DONE: verify
  &amp#27;[32mThen &amp#27;[0m&amp#27;[32mShow error message &amp#27;[0m&amp#27;[32m&amp#27;[1m"Invalid username or password!"&amp#27;[0m &amp#27;[90m# starter.stepdefinitions.LoginSteps.showErrorMessage(java.lang.String)&amp#27;[0m
19:07:51.415 [AsyncHttpClient-1-13] DEBUG org.asynchttpclient.netty.handler.WebSocketHandler - Channel Closed: [id: 0x6117b693, L:/127.0.0.1:63855 ! R:localhost/127.0.0.1:63846] with attribute NettyResponseFuture{currentRetry=5,
	isDone=1,
	isCancelled=0,
	asyncHandler=org.asynchttpclient.ws.WebSocketUpgradeHandler@59b7db7b,
	nettyRequest=org.asynchttpclient.netty.request.NettyRequest@1cb54e29,
	future=java.util.concurrent.CompletableFuture@32547a5c[Completed normally],
	uri=ws://localhost:63846/devtools/browser/04782b90-6193-4f55-8895-f06865a97157,
	keepAlive=true,
	redirectCount=0,
	timeoutsHolder=null,
	inAuth=0,
	touch=1648642056682}
19:07:51.415 [AsyncHttpClient-1-13] DEBUG org.asynchttpclient.netty.channel.ChannelManager - Closing Channel [id: 0x6117b693, L:/127.0.0.1:63855 ! R:localhost/127.0.0.1:63846] 
19:07:51.415 [Driver Command Executor] DEBUG org.asynchttpclient.netty.request.NettyRequestSender - Using pooled Channel '[id: 0xc7e1c071, L:/127.0.0.1:63845 - R:localhost/127.0.0.1:57884]' for 'DELETE' to 'http://localhost:57884/session/072d459134a8a13fb7817bcc7fe6f98b'
19:07:51.415 [Driver Command Executor] DEBUG org.asynchttpclient.netty.request.NettyRequestSender - Using open Channel [id: 0xc7e1c071, L:/127.0.0.1:63845 - R:localhost/127.0.0.1:57884] for DELETE '/session/072d459134a8a13fb7817bcc7fe6f98b'
19:07:51.869 [AsyncHttpClient-1-12] DEBUG org.asynchttpclient.netty.handler.HttpHandler - Unexpected I/O exception on channel [id: 0xad23ea99, L:/127.0.0.1:63854 - R:localhost/127.0.0.1:63846]
java.io.IOException: An existing connection was forcibly closed by the remote host
	at sun.nio.ch.SocketDispatcher.read0(Native Method)
	at sun.nio.ch.SocketDispatcher.read(SocketDispatcher.java:43)
	at sun.nio.ch.IOUtil.readIntoNativeBuffer(IOUtil.java:223)
	at sun.nio.ch.IOUtil.read(IOUtil.java:192)
	at sun.nio.ch.SocketChannelImpl.read(SocketChannelImpl.java:380)
	at io.netty.buffer.PooledByteBuf.setBytes(PooledByteBuf.java:258)
	at io.netty.buffer.AbstractByteBuf.writeBytes(AbstractByteBuf.java:1132)
	at io.netty.channel.socket.nio.NioSocketChannel.doReadBytes(NioSocketChannel.java:350)
	at io.netty.channel.nio.AbstractNioByteChannel$NioByteUnsafe.read(AbstractNioByteChannel.java:151)
	at io.netty.channel.nio.NioEventLoop.processSelectedKey(NioEventLoop.java:722)
	at io.netty.channel.nio.NioEventLoop.processSelectedKeysOptimized(NioEventLoop.java:658)
	at io.netty.channel.nio.NioEventLoop.processSelectedKeys(NioEventLoop.java:584)
	at io.netty.channel.nio.NioEventLoop.run(NioEventLoop.java:496)
	at io.netty.util.concurrent.SingleThreadEventExecutor$4.run(SingleThreadEventExecutor.java:986)
	at io.netty.util.internal.ThreadExecutorMap$2.run(ThreadExecutorMap.java:74)
	at io.netty.util.concurrent.FastThreadLocalRunnable.run(FastThreadLocalRunnable.java:30)
	at java.lang.Thread.run(Thread.java:745)
19:07:51.869 [AsyncHttpClient-1-12] DEBUG org.asynchttpclient.netty.channel.ChannelManager - Closing Channel [id: 0xad23ea99, L:/127.0.0.1:63854 - R:localhost/127.0.0.1:63846] 
19:07:51.870 [AsyncHttpClient-1-12] DEBUG org.asynchttpclient.netty.handler.HttpHandler - Channel Closed: [id: 0xad23ea99, L:/127.0.0.1:63854 ! R:localhost/127.0.0.1:63846] with attribute DISCARD
19:07:52.093 [AsyncHttpClient-1-11] DEBUG org.asynchttpclient.netty.handler.HttpHandler - 

Request DefaultFullHttpRequest(decodeResult: success, version: HTTP/1.1, content: EmptyByteBufBE)
DELETE /session/072d459134a8a13fb7817bcc7fe6f98b HTTP/1.1
User-Agent: selenium/4.1.2 (java windows)
Content-Type: application/json; charset=utf-8
host: localhost:57884
accept: */*

Response DefaultHttpResponse(decodeResult: success, version: HTTP/1.1)
HTTP/1.1 200 OK
Content-Type: application/json; charset=utf-8
cache-control: no-cache
content-length: 14

19:07:52.093 [AsyncHttpClient-1-11] DEBUG org.asynchttpclient.netty.channel.ChannelManager - Adding key: http://localhost:57884 for channel [id: 0xc7e1c071, L:/127.0.0.1:63845 - R:localhost/127.0.0.1:57884]
19:07:52.233 [AsyncHttpClient-1-1] DEBUG org.asynchttpclient.netty.channel.DefaultChannelPool - Entry count for : http://localhost:57884 : 1
19:07:52.233 [AsyncHttpClient-1-1] DEBUG org.asynchttpclient.netty.channel.DefaultChannelPool - Entry count for : http://localhost:63846 : 1
19:07:52.233 [AsyncHttpClient-1-1] DEBUG org.asynchttpclient.netty.channel.DefaultChannelPool - Adding Candidate expired Channel [id: 0xad23ea99, L:/127.0.0.1:63854 ! R:localhost/127.0.0.1:63846] isIdleTimeoutExpired=false isRemotelyClosed=true isTtlExpired=false
19:07:52.233 [AsyncHttpClient-1-1] DEBUG org.asynchttpclient.netty.channel.DefaultChannelPool - Closing Idle Channel [id: 0xad23ea99, L:/127.0.0.1:63854 ! R:localhost/127.0.0.1:63846]
19:07:52.233 [AsyncHttpClient-1-1] DEBUG org.asynchttpclient.netty.channel.DefaultChannelPool - Closed 1 connections out of 2 in 0 ms
19:07:52.281 [AsyncHttpClient-1-11] DEBUG org.asynchttpclient.netty.handler.HttpHandler - Channel Closed: [id: 0xc7e1c071, L:/127.0.0.1:63845 ! R:localhost/127.0.0.1:57884] with attribute DISCARD
]]></system-out>
    <system-err><![CDATA[Starting ChromeDriver 99.0.4844.51 (d537ec02474b5afe23684e7963d538896c63ac77-refs/branch-heads/4844@{#875}) on port 57884
Only local connections are allowed.
Please see https://chromedriver.chromium.org/security-considerations for suggestions on keeping ChromeDriver safe.
ChromeDriver was started successfully.
[1648642055.810][WARNING]: This version of ChromeDriver has not been tested with Chrome version 100.
Mar 30, 2022 7:07:36 PM org.openqa.selenium.remote.ProtocolHandshake createSession
INFO: Detected dialect: W3C
Mar 30, 2022 7:07:36 PM org.openqa.selenium.devtools.CdpVersionFinder findNearestMatch
WARNING: Unable to find an exact match for CDP version 100, so returning the closest version found: 97
Mar 30, 2022 7:07:36 PM org.openqa.selenium.devtools.CdpVersionFinder findNearestMatch
INFO: Found CDP implementation for version 100 of 97
]]></system-err>
  </testcase>
</testsuite>